2025-06-30 22:50:53.921: [INFO] VisibilityChanged: 0
2025-06-30 22:50:53.964: [INFO] RecordSyncInitDuration has_sync_been_enabled: 0 state: 0
2025-06-30 22:50:53.965: [INFO] RecordSyncInitDuration has_sync_been_enabled: 0 state: 0
2025-06-30 22:50:53.966: [INFO] RecordSyncInitDuration has_sync_been_enabled: 0 state: 0
2025-06-30 22:50:53.967: [INFO] RecordSyncInitDuration has_sync_been_enabled: 0 state: 0
2025-06-30 22:50:53.968: [INFO] RecordSyncInitDuration has_sync_been_enabled: 0 state: 0
2025-06-30 22:50:53.969: [INFO] RecordSyncInitDuration has_sync_been_enabled: 0 state: 0
2025-06-30 22:50:53.970: [INFO] RecordSyncInitDuration has_sync_been_enabled: 0 state: 0
2025-06-30 22:50:53.971: [INFO] RecordSyncInitDuration has_sync_been_enabled: 0 state: 0
2025-06-30 22:50:53.972: [INFO] RecordSyncInitDuration has_sync_been_enabled: 0 state: 0
2025-06-30 22:50:53.972: [INFO] RecordSyncInitDuration has_sync_been_enabled: 0 state: 0
2025-06-30 22:50:53.973: [INFO] RecordSyncInitDuration has_sync_been_enabled: 0 state: 0
2025-06-30 22:50:53.982: [INFO] BookmarkModelLoaded, ids_reassigned: 0
2025-06-30 22:50:53.982: [INFO] OnDoneLoading sync enabled: 0
2025-06-30 22:50:54.005: [INFO] RecordSyncInitDuration has_sync_been_enabled: 0 state: 0
2025-06-30 22:50:54.238: [INFO] RecordSyncInitDuration has_sync_been_enabled: 0 state: 3
2025-06-30 22:50:54.240: [INFO] Primary account changed.
2025-06-30 22:50:54.240: [INFO] OnPrimaryAccountChanged PrimaryAccountChangeEvent::Type::kSet
2025-06-30 22:50:54.242: [INFO] RecordSyncInitDuration has_sync_been_enabled: 0 state: 3
2025-06-30 22:50:54.510: [INFO] RecordSyncInitDuration has_sync_been_enabled: 0 state: 3
2025-06-30 22:51:01.576: [INFO] Sync initialization duration: 6962ms
2025-06-30 22:56:58.697: [INFO] VisibilityChanged: 0
2025-06-30 22:56:58.745: [INFO] BookmarkModelLoaded, ids_reassigned: 0
2025-06-30 22:56:58.745: [INFO] OnDoneLoading sync enabled: 1
2025-06-30 22:57:04.942: [INFO] Sync initialization duration: 5924ms
2025-07-02 14:47:14.412: [INFO] VisibilityChanged: 0
2025-07-02 14:47:14.501: [INFO] BookmarkModelLoaded, ids_reassigned: 0
2025-07-02 14:47:14.501: [INFO] OnDoneLoading sync enabled: 1
2025-07-02 14:47:17.959: [INFO] Sync initialization duration: 2978ms
2025-07-28 21:38:33.477: [INFO] VisibilityChanged: 0
2025-07-28 21:38:33.513: [INFO] BookmarkModelLoaded, ids_reassigned: 0
2025-07-28 21:38:33.513: [INFO] OnDoneLoading sync enabled: 0
2025-07-28 21:59:09.653: [INFO] VisibilityChanged: 0
2025-07-28 21:59:09.689: [INFO] BookmarkModelLoaded, ids_reassigned: 0
2025-07-28 21:59:09.689: [INFO] OnDoneLoading sync enabled: 0
2025-08-01 02:07:10.230: [INFO] VisibilityChanged: 0
2025-08-01 02:07:10.267: [INFO] BookmarkModelLoaded, ids_reassigned: 0
2025-08-01 02:07:10.267: [INFO] OnDoneLoading sync enabled: 0
