{"logTime": "0630/225059", "correlationVector":"1b/CUo+OMLHA9aI0E+hFiP.1","action":"SyncServerConnectionManagerRequest", "result":"SYNC_SERVER_OK", "context":{"environment":"Prod_centralus_prod-s01-068-nam-centralus", "migrationStage":"NotStarted", "server":"akswtt00900002g"}}
{"logTime": "0630/225059", "correlationVector":"1b/CUo+OMLHA9aI0E+hFiP.2","action":"ProcessGetUpdates", "result":"Done", "context":{"dataType":"Encryption Keys", "deleted":"0", "process_failed_to_decrypt":"0", "process_pending_decryption":"0", "process_success":"1", "total":"1"}}
{"logTime": "0630/225059", "correlationVector":"etbY6ygJm5lGSpXCVXt9bU","action":"SyncServerConnectionManagerRequest", "result":"SYNC_SERVER_OK", "context":{"environment":"", "migrationStage":"", "server":""}}
{"logTime": "0630/225059", "correlationVector":"etbY6ygJm5lGSpXCVXt9bU.0","action":"EncryptionKeysFetcher.DownloadKeys:", "result":"Success", "context":Key count: 9, Last key timestamp: 2025-01-21T20:09:03Z}
{"logTime": "0630/225059", "correlationVector":"etbY6ygJm5lGSpXCVXt9bU.1","action":"EncryptionKeysManager::SetEncryptionKeys:", "result":"Success", "context":Key names[9]:[4+2CwWpaiLFLxVWPwQYrvt39/pPVv/SMTJEwwbnDMCSXg8ADbmGzDQACNNfVdEgTj2pvAqeYT97M25ANjvxjww==][+ZZTZVql32BTXinsg78zCkzbWNcfR3zAls1Mc8FG7f6QxkiGYlKP5RGBxgSZWYfG2nGVZKpvXrSISYPgG3Sedw==][a0IlSzKYnhQ7juuRxd+XXqeH7K1XQCQERFC50/IF97prGa9KDm+ilr8H05WJQt0MIuNtXXTP1FI1z9F+PSoplA==][7M3UpEYjmCjm6csTNOFZoRh0o8UefxGMkaFe6nq4wQhIsVOYBnCrX47QYUdlBYUEAiMmWi+l3ny/F/YS2IDZ9w==][w2TULi1TQQ8/WXHC7P5b4tPwMy7a3yhbi2lxhhLwau/SvLlQh+caXYenf4alWkOkIqy610TRKTnfk6ZMpQRUOQ==][w7tqx1feMWAKjCDJO4JM6GyHgXTn4aEyzNVC9LIC5bkHzb0Ei2njlijc2DW0a7+7x8xXNSIlCSmimG3kuN6O4w==][kFSG3f2+T1xZuDe7O2agRjL7R4SyGGtma8bSEjzTYj7FpWmGXsqbmzyWbLbOK9soLxCjw+rTAETQP6ZkoU+k9g==][MeMVGo5+eldgozCO1MxXxJdzHYaIkVQ2NFT1pbAtMPeyV396KewGlTo6ksyaGB8fo72JfHlFsIGJw2pt7pgOyQ==][V0wdEFvH9k9/zQz3MCdcRyBfFxIsPTzUhRLA6EYHj99dXDzDnt8X9oZrnPhLFTk1eyO/1fWeJUOPpMcEFQ0YsA==]}
{"logTime": "0630/225059", "correlationVector":"etbY6ygJm5lGSpXCVXt9bU.2","action":"EncryptionKeysManager::SetEncryptionKeysWithTimestamps:", "result":"Success", "context":Key timestamps[9]:[2020-09-12T19:56:58Z][2021-05-03T12:53:44Z][2022-03-30T05:46:13Z][2022-09-27T01:21:06Z][2022-12-25T08:29:40Z][2023-06-28T02:50:12Z][2024-01-16T14:16:32Z][2024-07-22T21:36:42Z][2025-01-21T20:09:03Z]}
{"logTime": "0630/225059", "correlationVector":"1b/CUo+OMLHA9aI0E+hFiP","action":"Initial GetUpdates", "result":"", "context":Reason: NEW_CLIENT. cV=1b/CUo+OMLHA9aI0E+hFiP}
{"logTime": "0630/225059", "correlationVector":"1b/CUo+OMLHA9aI0E+hFiP.3","action":"GetUpdates Response", "result":"Success", "context":Received 1 update(s). cV=1b/CUo+OMLHA9aI0E+hFiP.0;server=akswtt00900002g;cloudType=Consumer;environment=Prod_centralus_prod-s01-068-nam-centralus;migrationStage=NotStarted}
{"logTime": "0630/225059", "correlationVector":"zHo/3aQfGg79xylAm06+h8","action":"Initial GetUpdates", "result":"", "context":Reason: NEWLY_SUPPORTED_DATATYPE. cV=zHo/3aQfGg79xylAm06+h8}
{"logTime": "0630/225100", "correlationVector":"zHo/3aQfGg79xylAm06+h8.1","action":"SyncServerConnectionManagerRequest", "result":"SYNC_SERVER_OK", "context":{"environment":"Prod_centralus_prod-s01-068-nam-centralus", "migrationStage":"NotStarted", "server":"akswtt009000007"}}
{"logTime": "0630/225100", "correlationVector":"zHo/3aQfGg79xylAm06+h8.2","action":"ProcessGetUpdates", "result":"Done", "context":{"dataType":"Preferences", "deleted":"0", "process_failed_to_decrypt":"0", "process_pending_decryption":"0", "process_success":"78", "total":"78"}}
{"logTime": "0630/225100", "correlationVector":"zHo/3aQfGg79xylAm06+h8.3","action":"ProcessGetUpdates", "result":"Done", "context":{"dataType":"Passwords", "deleted":"22", "process_failed_to_decrypt":"0", "process_pending_decryption":"0", "process_success":"24", "total":"24"}}
{"logTime": "0630/225100", "correlationVector":"zHo/3aQfGg79xylAm06+h8.4","action":"ProcessGetUpdates", "result":"Done", "context":{"dataType":"Device Info", "deleted":"0", "process_failed_to_decrypt":"0", "process_pending_decryption":"0", "process_success":"14", "total":"14"}}
{"logTime": "0630/225100", "correlationVector":"zHo/3aQfGg79xylAm06+h8.5","action":"GetUpdates Response", "result":"Success", "context":Received 116 update(s). cV=zHo/3aQfGg79xylAm06+h8.0;server=akswtt009000007;cloudType=Consumer;environment=Prod_centralus_prod-s01-068-nam-centralus;migrationStage=NotStarted}
{"logTime": "0630/225100", "correlationVector":"G4YhbCRwD2dOGQs4x+7Yfh","action":"Initial GetUpdates", "result":"", "context":Reason: NEWLY_SUPPORTED_DATATYPE. cV=G4YhbCRwD2dOGQs4x+7Yfh}
{"logTime": "0630/225101", "correlationVector":"G4YhbCRwD2dOGQs4x+7Yfh.1","action":"SyncServerConnectionManagerRequest", "result":"SYNC_SERVER_OK", "context":{"environment":"Prod_centralus_prod-s01-068-nam-centralus", "migrationStage":"NotStarted", "server":"akswtt00900002g"}}
{"logTime": "0630/225101", "correlationVector":"G4YhbCRwD2dOGQs4x+7Yfh.2","action":"ProcessGetUpdates", "result":"Done", "context":{"dataType":"Bookmarks", "deleted":"1", "process_failed_to_decrypt":"0", "process_pending_decryption":"0", "process_success":"6", "total":"6"}}
{"logTime": "0630/225101", "correlationVector":"G4YhbCRwD2dOGQs4x+7Yfh.3","action":"GetUpdates Response", "result":"Success", "context":Received 6 update(s). cV=G4YhbCRwD2dOGQs4x+7Yfh.0;server=akswtt00900002g;cloudType=Consumer;environment=Prod_centralus_prod-s01-068-nam-centralus;migrationStage=NotStarted}
{"logTime": "0630/225101", "correlationVector":"+jvJ9flf5+emJZP6rAR7d9","action":"Initial GetUpdates", "result":"", "context":Reason: NEWLY_SUPPORTED_DATATYPE. cV=+jvJ9flf5+emJZP6rAR7d9}
{"logTime": "0630/225101", "correlationVector":"+jvJ9flf5+emJZP6rAR7d9.1","action":"SyncServerConnectionManagerRequest", "result":"SYNC_SERVER_OK", "context":{"environment":"Prod_centralus_prod-s01-068-nam-centralus", "migrationStage":"NotStarted", "server":"akswtt009000053"}}
{"logTime": "0630/225101", "correlationVector":"+jvJ9flf5+emJZP6rAR7d9.2","action":"ProcessGetUpdates", "result":"Done", "context":{"dataType":"Autofill Profiles", "deleted":"4", "process_failed_to_decrypt":"0", "process_pending_decryption":"0", "process_success":"10", "total":"10"}}
{"logTime": "0630/225101", "correlationVector":"+jvJ9flf5+emJZP6rAR7d9.3","action":"ProcessGetUpdates", "result":"Done", "context":{"dataType":"Autofill", "deleted":"0", "process_failed_to_decrypt":"0", "process_pending_decryption":"0", "process_success":"75", "total":"75"}}
{"logTime": "0630/225101", "correlationVector":"+jvJ9flf5+emJZP6rAR7d9.4","action":"ProcessGetUpdates", "result":"Done", "context":{"dataType":"Extensions", "deleted":"3", "process_failed_to_decrypt":"0", "process_pending_decryption":"0", "process_success":"4", "total":"4"}}
{"logTime": "0630/225101", "correlationVector":"+jvJ9flf5+emJZP6rAR7d9.5","action":"ProcessGetUpdates", "result":"Done", "context":{"dataType":"Sessions", "deleted":"30", "process_failed_to_decrypt":"0", "process_pending_decryption":"0", "process_success":"36", "total":"36"}}
{"logTime": "0630/225101", "correlationVector":"+jvJ9flf5+emJZP6rAR7d9.6","action":"ProcessGetUpdates", "result":"Done", "context":{"dataType":"Saved Tab Group", "deleted":"9", "process_failed_to_decrypt":"0", "process_pending_decryption":"0", "process_success":"9", "total":"9"}}
{"logTime": "0630/225101", "correlationVector":"+jvJ9flf5+emJZP6rAR7d9.7","action":"GetUpdates Response", "result":"Success", "context":Received 134 update(s). cV=+jvJ9flf5+emJZP6rAR7d9.0;server=akswtt009000053;cloudType=Consumer;environment=Prod_centralus_prod-s01-068-nam-centralus;migrationStage=NotStarted}
{"logTime": "0630/225101", "correlationVector":"Y9kFd1g8ZBh4WPhPgmxpcQ","action":"Initial GetUpdates", "result":"", "context":Reason: NEWLY_SUPPORTED_DATATYPE. cV=Y9kFd1g8ZBh4WPhPgmxpcQ}
{"logTime": "0630/225102", "correlationVector":"Y9kFd1g8ZBh4WPhPgmxpcQ.1","action":"SyncServerConnectionManagerRequest", "result":"SYNC_SERVER_OK", "context":{"environment":"Prod_centralus_prod-s01-068-nam-centralus", "migrationStage":"NotStarted", "server":"akswtt009000054"}}
{"logTime": "0630/225102", "correlationVector":"Y9kFd1g8ZBh4WPhPgmxpcQ.2","action":"ProcessGetUpdates", "result":"Done", "context":{"dataType":"History", "deleted":"0", "process_failed_to_decrypt":"0", "process_pending_decryption":"0", "process_success":"16", "total":"16"}}
{"logTime": "0630/225102", "correlationVector":"Y9kFd1g8ZBh4WPhPgmxpcQ.3","action":"GetUpdates Response", "result":"Success", "context":Received 16 update(s). cV=Y9kFd1g8ZBh4WPhPgmxpcQ.0;server=akswtt009000054;cloudType=Consumer;environment=Prod_centralus_prod-s01-068-nam-centralus;migrationStage=NotStarted}
{"logTime": "0630/225102", "correlationVector":"SstLR20rHaByP/9jKD+Adf","action":"Normal GetUpdate request", "result":"", "context":cV=SstLR20rHaByP/9jKD+Adf
Nudged types: Autofill, Sessions, Device Info, User Consents
Refresh requested types: Bookmarks, Preferences, Passwords, Autofill Profiles, Autofill, Extensions, Sessions, Extension settings, History Delete Directives, Device Info, User Consents, Send Tab To Self, Web Apps, History, Saved Tab Group, WebAuthn Credentials, Collection, Edge E Drop, Edge Hub App Usage, Edge Wallet, Encryption Keys}
{"logTime": "0630/225103", "correlationVector":"SstLR20rHaByP/9jKD+Adf.1","action":"SyncServerConnectionManagerRequest", "result":"SYNC_SERVER_OK", "context":{"environment":"Prod_centralus_prod-s01-068-nam-centralus", "migrationStage":"NotStarted", "server":"akswtt00900002w"}}
{"logTime": "0630/225103", "correlationVector":"SstLR20rHaByP/9jKD+Adf.2","action":"GetUpdates Response", "result":"Success", "context":Received 0 update(s). cV=SstLR20rHaByP/9jKD+Adf.0;server=akswtt00900002w;cloudType=Consumer;environment=Prod_centralus_prod-s01-068-nam-centralus;migrationStage=NotStarted}
{"logTime": "0630/225103", "correlationVector":"EhR6XNDRfnNrv29WWG4iO3","action":"DoCompareDataConsistency requsted types: ", "result":"Bookmarks, Preferences, Passwords, Extensions, Extension settings, History Delete Directives, Send Tab To Self, Web Apps, History, Saved Tab Group, WebAuthn Credentials, Collection, Edge E Drop, Edge Wallet, Encryption Keys"}
{"logTime": "0630/225103", "correlationVector":"EhR6XNDRfnNrv29WWG4iO3.0","action":"CompareDataConsistency result: ", "result":"Compare result: Encryption Keys is consistent. local entities count is: 1 local entities hash is: ivw8kNQm5wN8Uyn6nxuQ37TeuF8="}
{"logTime": "0630/225103", "correlationVector":"EhR6XNDRfnNrv29WWG4iO3.1","action":"CompareDataConsistency result: ", "result":"Compare result: Bookmarks is consistent. local entities count is: 0 local entities hash is: "}
{"logTime": "0630/225103", "correlationVector":"EhR6XNDRfnNrv29WWG4iO3.2","action":"CompareDataConsistency result: ", "result":"Compare result: Preferences is consistent. local entities count is: 78 local entities hash is: meQHK7uk5qgzM5BTmviE2ygAPIc="}
{"logTime": "0630/225103", "correlationVector":"EhR6XNDRfnNrv29WWG4iO3.3","action":"CompareDataConsistency result: ", "result":"Compare result: Extensions is consistent. local entities count is: 1 local entities hash is: fD0DywhrlRF4AoaGIumOBPUder0="}
{"logTime": "0630/225103", "correlationVector":"EhR6XNDRfnNrv29WWG4iO3.4","action":"CompareDataConsistency result: ", "result":"Compare result: Extension settings is consistent. local entities count is: 0 local entities hash is: "}
{"logTime": "0630/225103", "correlationVector":"EhR6XNDRfnNrv29WWG4iO3.5","action":"CompareDataConsistency result: ", "result":"Compare result: History Delete Directives is consistent. local entities count is: 0 local entities hash is: "}
{"logTime": "0630/225103", "correlationVector":"EhR6XNDRfnNrv29WWG4iO3.6","action":"CompareDataConsistency result: ", "result":"Server did not send this Send Tab To Self local entities count is: 0 local entities hash is: "}
{"logTime": "0630/225103", "correlationVector":"EhR6XNDRfnNrv29WWG4iO3.7","action":"CompareDataConsistency result: ", "result":"Compare result: Web Apps is consistent. local entities count is: 0 local entities hash is: "}
{"logTime": "0630/225103", "correlationVector":"EhR6XNDRfnNrv29WWG4iO3.8","action":"CompareDataConsistency result: ", "result":"Server did not send this History local entities count is: 0 local entities hash is: "}
{"logTime": "0630/225103", "correlationVector":"EhR6XNDRfnNrv29WWG4iO3.9","action":"CompareDataConsistency result: ", "result":"Compare result: Saved Tab Group is consistent. local entities count is: 0 local entities hash is: "}
{"logTime": "0630/225103", "correlationVector":"EhR6XNDRfnNrv29WWG4iO3.10","action":"CompareDataConsistency result: ", "result":"Server did not send this WebAuthn Credentials local entities count is: 0 local entities hash is: "}
{"logTime": "0630/225103", "correlationVector":"EhR6XNDRfnNrv29WWG4iO3.11","action":"CompareDataConsistency result: ", "result":"Compare result: Collection is consistent. local entities count is: 0 local entities hash is: "}
{"logTime": "0630/225103", "correlationVector":"EhR6XNDRfnNrv29WWG4iO3.12","action":"CompareDataConsistency result: ", "result":"Compare result: Edge E Drop is consistent. local entities count is: 0 local entities hash is: "}
{"logTime": "0630/225103", "correlationVector":"EhR6XNDRfnNrv29WWG4iO3.13","action":"CompareDataConsistency result: ", "result":"Compare result: Edge Wallet is consistent. local entities count is: 0 local entities hash is: "}
{"logTime": "0630/225103", "correlationVector":"EhR6XNDRfnNrv29WWG4iO3.14","action":"CompareDataConsistency result: ", "result":"Compare result: Passwords is consistent. local entities count is: 2 local entities hash is: g49G4ZnfHsZ5WfVMeWcU1N/Lv6Q="}
{"logTime": "0630/225103", "correlationVector":"Ys3Vfz+Xkgc8bMGK7QzJiw","action":"Commit Request", "result":"", "context":Item count: 6
Contributing types: Autofill, Sessions, Device Info, User Consents}
{"logTime": "0630/225104", "correlationVector":"Ys3Vfz+Xkgc8bMGK7QzJiw.1","action":"SyncServerConnectionManagerRequest", "result":"SYNC_SERVER_OK", "context":{"environment":"Prod_centralus_prod-s01-068-nam-centralus", "migrationStage":"NotStarted", "server":"akswtt009000045"}}
{"logTime": "0630/225104", "correlationVector":"Ys3Vfz+Xkgc8bMGK7QzJiw.2","action":"Commit Response", "result":"Success", "context":Result: Success. cV=Ys3Vfz+Xkgc8bMGK7QzJiw.0;server=akswtt009000045;cloudType=Consumer;environment=Prod_centralus_prod-s01-068-nam-centralus;migrationStage=NotStarted}
{"logTime": "0630/225104", "correlationVector":"","action":"DIAGNOSTIC_REQUEST|v1/diagnosticData/Diagnostic.SendCheckResult()|SUCCESS", "result":""}
{"logTime": "0630/225125", "correlationVector":"9E5zHlGmZQMEISa3NXay52","action":"Commit Request", "result":"", "context":Item count: 4
Contributing types: Preferences, Sessions, History}
{"logTime": "0630/225126", "correlationVector":"9E5zHlGmZQMEISa3NXay52.1","action":"SyncServerConnectionManagerRequest", "result":"SYNC_SERVER_OK", "context":{"environment":"Prod_centralus_prod-s01-068-nam-centralus", "migrationStage":"NotStarted", "server":"akswtt00900005d"}}
{"logTime": "0630/225126", "correlationVector":"9E5zHlGmZQMEISa3NXay52.2","action":"Commit Response", "result":"Success", "context":Result: Success. cV=9E5zHlGmZQMEISa3NXay52.0;server=akswtt00900005d;cloudType=Consumer;environment=Prod_centralus_prod-s01-068-nam-centralus;migrationStage=NotStarted}
{"logTime": "0630/225159", "correlationVector":"6GQ5AlwXlGOjqi5bOATAgP","action":"Commit Request", "result":"", "context":Item count: 4
Contributing types: Autofill Profiles, Sessions, History}
{"logTime": "0630/225200", "correlationVector":"6GQ5AlwXlGOjqi5bOATAgP.1","action":"SyncServerConnectionManagerRequest", "result":"SYNC_SERVER_OK", "context":{"environment":"Prod_centralus_prod-s01-068-nam-centralus", "migrationStage":"NotStarted", "server":"akswtt00900001w"}}
{"logTime": "0630/225200", "correlationVector":"6GQ5AlwXlGOjqi5bOATAgP.2","action":"Commit Response", "result":"Success", "context":Result: Success. cV=6GQ5AlwXlGOjqi5bOATAgP.0;server=akswtt00900001w;cloudType=Consumer;environment=Prod_centralus_prod-s01-068-nam-centralus;migrationStage=NotStarted}
{"logTime": "0630/225209", "correlationVector":"k22mgxNpqW9oyrDeT+WMLN","action":"Commit Request", "result":"", "context":Item count: 2
Contributing types: Autofill Profiles, Autofill}
{"logTime": "0630/225210", "correlationVector":"k22mgxNpqW9oyrDeT+WMLN.1","action":"SyncServerConnectionManagerRequest", "result":"SYNC_SERVER_OK", "context":{"environment":"Prod_centralus_prod-s01-068-nam-centralus", "migrationStage":"NotStarted", "server":"akswtt009000006"}}
{"logTime": "0630/225210", "correlationVector":"k22mgxNpqW9oyrDeT+WMLN.2","action":"Commit Response", "result":"Success", "context":Result: Success. cV=k22mgxNpqW9oyrDeT+WMLN.0;server=akswtt009000006;cloudType=Consumer;environment=Prod_centralus_prod-s01-068-nam-centralus;migrationStage=NotStarted}
{"logTime": "0630/225312", "correlationVector":"ybwuCBMFnyDCx5yKIy/Exm","action":"Commit Request", "result":"", "context":Item count: 4
Contributing types: Sessions, History}
{"logTime": "0630/225312", "correlationVector":"ybwuCBMFnyDCx5yKIy/Exm.1","action":"SyncServerConnectionManagerRequest", "result":"SYNC_SERVER_OK", "context":{"environment":"Prod_centralus_prod-s01-068-nam-centralus", "migrationStage":"NotStarted", "server":"akswtt00900001r"}}
{"logTime": "0630/225312", "correlationVector":"ybwuCBMFnyDCx5yKIy/Exm.2","action":"Commit Response", "result":"Success", "context":Result: Success. cV=ybwuCBMFnyDCx5yKIy/Exm.0;server=akswtt00900001r;cloudType=Consumer;environment=Prod_centralus_prod-s01-068-nam-centralus;migrationStage=NotStarted}
{"logTime": "0630/225702", "correlationVector":"L1LAi/uqbA0HQSdUVBMLXG.1","action":"SyncServerConnectionManagerRequest", "result":"SYNC_SERVER_OK", "context":{"environment":"Prod_centralus_prod-s01-068-nam-centralus", "migrationStage":"NotStarted", "server":"akswtt00900002z"}}
{"logTime": "0630/225702", "correlationVector":"L1LAi/uqbA0HQSdUVBMLXG.2","action":"ProcessGetUpdates", "result":"Done", "context":{"dataType":"Encryption Keys", "deleted":"0", "process_failed_to_decrypt":"0", "process_pending_decryption":"0", "process_success":"1", "total":"1"}}
{"logTime": "0630/225704", "correlationVector":"X/kl6QS9t9+8RKLdVG1Iwn","action":"SyncServerConnectionManagerRequest", "result":"SYNC_SERVER_OK", "context":{"environment":"", "migrationStage":"", "server":""}}
{"logTime": "0630/225704", "correlationVector":"X/kl6QS9t9+8RKLdVG1Iwn.0","action":"EncryptionKeysFetcher.DownloadKeys:", "result":"Success", "context":Key count: 9, Last key timestamp: 2025-01-21T20:09:03Z}
{"logTime": "0630/225704", "correlationVector":"X/kl6QS9t9+8RKLdVG1Iwn.1","action":"EncryptionKeysManager::SetEncryptionKeys:", "result":"Success", "context":Key names[9]:[4+2CwWpaiLFLxVWPwQYrvt39/pPVv/SMTJEwwbnDMCSXg8ADbmGzDQACNNfVdEgTj2pvAqeYT97M25ANjvxjww==][+ZZTZVql32BTXinsg78zCkzbWNcfR3zAls1Mc8FG7f6QxkiGYlKP5RGBxgSZWYfG2nGVZKpvXrSISYPgG3Sedw==][a0IlSzKYnhQ7juuRxd+XXqeH7K1XQCQERFC50/IF97prGa9KDm+ilr8H05WJQt0MIuNtXXTP1FI1z9F+PSoplA==][7M3UpEYjmCjm6csTNOFZoRh0o8UefxGMkaFe6nq4wQhIsVOYBnCrX47QYUdlBYUEAiMmWi+l3ny/F/YS2IDZ9w==][w2TULi1TQQ8/WXHC7P5b4tPwMy7a3yhbi2lxhhLwau/SvLlQh+caXYenf4alWkOkIqy610TRKTnfk6ZMpQRUOQ==][w7tqx1feMWAKjCDJO4JM6GyHgXTn4aEyzNVC9LIC5bkHzb0Ei2njlijc2DW0a7+7x8xXNSIlCSmimG3kuN6O4w==][kFSG3f2+T1xZuDe7O2agRjL7R4SyGGtma8bSEjzTYj7FpWmGXsqbmzyWbLbOK9soLxCjw+rTAETQP6ZkoU+k9g==][MeMVGo5+eldgozCO1MxXxJdzHYaIkVQ2NFT1pbAtMPeyV396KewGlTo6ksyaGB8fo72JfHlFsIGJw2pt7pgOyQ==][V0wdEFvH9k9/zQz3MCdcRyBfFxIsPTzUhRLA6EYHj99dXDzDnt8X9oZrnPhLFTk1eyO/1fWeJUOPpMcEFQ0YsA==]}
{"logTime": "0630/225704", "correlationVector":"X/kl6QS9t9+8RKLdVG1Iwn.2","action":"EncryptionKeysManager::SetEncryptionKeysWithTimestamps:", "result":"Success", "context":Key timestamps[9]:[2020-09-12T19:56:58Z][2021-05-03T12:53:44Z][2022-03-30T05:46:13Z][2022-09-27T01:21:06Z][2022-12-25T08:29:40Z][2023-06-28T02:50:12Z][2024-01-16T14:16:32Z][2024-07-22T21:36:42Z][2025-01-21T20:09:03Z]}
{"logTime": "0630/225704", "correlationVector":"L1LAi/uqbA0HQSdUVBMLXG","action":"Initial GetUpdates", "result":"", "context":Reason: NEW_CLIENT. cV=L1LAi/uqbA0HQSdUVBMLXG}
{"logTime": "0630/225704", "correlationVector":"L1LAi/uqbA0HQSdUVBMLXG.3","action":"GetUpdates Response", "result":"Success", "context":Received 1 update(s). cV=L1LAi/uqbA0HQSdUVBMLXG.0;server=akswtt00900002z;cloudType=Consumer;environment=Prod_centralus_prod-s01-068-nam-centralus;migrationStage=NotStarted}
{"logTime": "0630/225704", "correlationVector":"5lX5iSS2KvAz0YeJIczHAP","action":"Initial GetUpdates", "result":"", "context":Reason: NEWLY_SUPPORTED_DATATYPE. cV=5lX5iSS2KvAz0YeJIczHAP}
{"logTime": "0630/225704", "correlationVector":"5lX5iSS2KvAz0YeJIczHAP.1","action":"SyncServerConnectionManagerRequest", "result":"SYNC_SERVER_OK", "context":{"environment":"Prod_centralus_prod-s01-068-nam-centralus", "migrationStage":"NotStarted", "server":"akswtt00900002g"}}
{"logTime": "0630/225704", "correlationVector":"5lX5iSS2KvAz0YeJIczHAP.2","action":"ProcessGetUpdates", "result":"Done", "context":{"dataType":"Passwords", "deleted":"22", "process_failed_to_decrypt":"0", "process_pending_decryption":"0", "process_success":"24", "total":"24"}}
{"logTime": "0630/225704", "correlationVector":"5lX5iSS2KvAz0YeJIczHAP.3","action":"GetUpdates Response", "result":"Success", "context":Received 24 update(s). cV=5lX5iSS2KvAz0YeJIczHAP.0;server=akswtt00900002g;cloudType=Consumer;environment=Prod_centralus_prod-s01-068-nam-centralus;migrationStage=NotStarted}
{"logTime": "0630/225704", "correlationVector":"hOCMk+hQzeAPy4dH1ZIZZ1","action":"Normal GetUpdate request", "result":"", "context":cV=hOCMk+hQzeAPy4dH1ZIZZ1
Nudged types: Sessions, Device Info, History
Refresh requested types: Bookmarks, Preferences, Passwords, Autofill Profiles, Autofill, Extensions, Sessions, Extension settings, History Delete Directives, Device Info, User Consents, Send Tab To Self, Web Apps, History, Saved Tab Group, WebAuthn Credentials, Collection, Edge E Drop, Edge Hub App Usage, Edge Wallet, Encryption Keys}
{"logTime": "0630/225705", "correlationVector":"hOCMk+hQzeAPy4dH1ZIZZ1.1","action":"SyncServerConnectionManagerRequest", "result":"SYNC_SERVER_OK", "context":{"environment":"Prod_centralus_prod-s01-068-nam-centralus", "migrationStage":"NotStarted", "server":"akswtt00900004d"}}
{"logTime": "0630/225705", "correlationVector":"hOCMk+hQzeAPy4dH1ZIZZ1.2","action":"ProcessGetUpdates", "result":"Done", "context":{"dataType":"Preferences", "deleted":"0", "process_failed_to_decrypt":"0", "process_pending_decryption":"0", "process_success":"1", "total":"1"}}
{"logTime": "0630/225705", "correlationVector":"hOCMk+hQzeAPy4dH1ZIZZ1.3","action":"ProcessGetUpdates", "result":"Done", "context":{"dataType":"Autofill Profiles", "deleted":"0", "process_failed_to_decrypt":"0", "process_pending_decryption":"0", "process_success":"2", "total":"2"}}
{"logTime": "0630/225705", "correlationVector":"hOCMk+hQzeAPy4dH1ZIZZ1.4","action":"ProcessGetUpdates", "result":"Done", "context":{"dataType":"Autofill", "deleted":"0", "process_failed_to_decrypt":"0", "process_pending_decryption":"0", "process_success":"1", "total":"1"}}
{"logTime": "0630/225705", "correlationVector":"hOCMk+hQzeAPy4dH1ZIZZ1.5","action":"ProcessGetUpdates", "result":"Done", "context":{"dataType":"Sessions", "deleted":"1", "process_failed_to_decrypt":"0", "process_pending_decryption":"0", "process_success":"3", "total":"3"}}
{"logTime": "0630/225705", "correlationVector":"hOCMk+hQzeAPy4dH1ZIZZ1.6","action":"ProcessGetUpdates", "result":"Done", "context":{"dataType":"Device Info", "deleted":"0", "process_failed_to_decrypt":"0", "process_pending_decryption":"0", "process_success":"1", "total":"1"}}
{"logTime": "0630/225705", "correlationVector":"hOCMk+hQzeAPy4dH1ZIZZ1.7","action":"ProcessGetUpdates", "result":"Done", "context":{"dataType":"History", "deleted":"0", "process_failed_to_decrypt":"0", "process_pending_decryption":"0", "process_success":"5", "total":"5"}}
{"logTime": "0630/225705", "correlationVector":"hOCMk+hQzeAPy4dH1ZIZZ1.8","action":"GetUpdates Response", "result":"Success", "context":Received 13 update(s). cV=hOCMk+hQzeAPy4dH1ZIZZ1.0;server=akswtt00900004d;cloudType=Consumer;environment=Prod_centralus_prod-s01-068-nam-centralus;migrationStage=NotStarted}
{"logTime": "0630/225705", "correlationVector":"nYbZx2/6dq7e/VOfWUWLad","action":"Commit Request", "result":"", "context":Item count: 1
Contributing types: Device Info}
{"logTime": "0630/225706", "correlationVector":"nYbZx2/6dq7e/VOfWUWLad.1","action":"SyncServerConnectionManagerRequest", "result":"SYNC_SERVER_OK", "context":{"environment":"Prod_centralus_prod-s01-068-nam-centralus", "migrationStage":"NotStarted", "server":"akswtt00900000p"}}
{"logTime": "0630/225706", "correlationVector":"nYbZx2/6dq7e/VOfWUWLad.2","action":"Commit Response", "result":"Success", "context":Result: Success. cV=nYbZx2/6dq7e/VOfWUWLad.0;server=akswtt00900000p;cloudType=Consumer;environment=Prod_centralus_prod-s01-068-nam-centralus;migrationStage=NotStarted}
{"logTime": "0630/225806", "correlationVector":"PKYL8qBVbyFWGGMACEpTxq","action":"Commit Request", "result":"", "context":Item count: 4
Contributing types: Sessions, History}
{"logTime": "0630/225807", "correlationVector":"PKYL8qBVbyFWGGMACEpTxq.1","action":"SyncServerConnectionManagerRequest", "result":"SYNC_SERVER_OK", "context":{"environment":"Prod_centralus_prod-s01-068-nam-centralus", "migrationStage":"NotStarted", "server":"akswtt009000047"}}
{"logTime": "0630/225807", "correlationVector":"PKYL8qBVbyFWGGMACEpTxq.2","action":"Commit Response", "result":"Success", "context":Result: Success. cV=PKYL8qBVbyFWGGMACEpTxq.0;server=akswtt009000047;cloudType=Consumer;environment=Prod_centralus_prod-s01-068-nam-centralus;migrationStage=NotStarted}
{"logTime": "0630/225813", "correlationVector":"SSh3tQwdoAiqJ0b0PBEJqc","action":"Commit Request", "result":"", "context":Item count: 4
Contributing types: Autofill Profiles, Sessions, History}
{"logTime": "0630/225814", "correlationVector":"SSh3tQwdoAiqJ0b0PBEJqc.1","action":"SyncServerConnectionManagerRequest", "result":"SYNC_SERVER_OK", "context":{"environment":"Prod_centralus_prod-s01-068-nam-centralus", "migrationStage":"NotStarted", "server":"akswtt00900003g"}}
{"logTime": "0630/225814", "correlationVector":"SSh3tQwdoAiqJ0b0PBEJqc.2","action":"Commit Response", "result":"Success", "context":Result: Success. cV=SSh3tQwdoAiqJ0b0PBEJqc.0;server=akswtt00900003g;cloudType=Consumer;environment=Prod_centralus_prod-s01-068-nam-centralus;migrationStage=NotStarted}
{"logTime": "0630/225835", "correlationVector":"0eWSr+NDo/THQEXaJXrOIE","action":"Commit Request", "result":"", "context":Item count: 1
Contributing types: Autofill}
{"logTime": "0630/225836", "correlationVector":"0eWSr+NDo/THQEXaJXrOIE.1","action":"SyncServerConnectionManagerRequest", "result":"SYNC_SERVER_OK", "context":{"environment":"Prod_centralus_prod-s01-068-nam-centralus", "migrationStage":"NotStarted", "server":"akswtt00900002t"}}
{"logTime": "0630/225836", "correlationVector":"0eWSr+NDo/THQEXaJXrOIE.2","action":"Commit Response", "result":"Success", "context":Result: Success. cV=0eWSr+NDo/THQEXaJXrOIE.0;server=akswtt00900002t;cloudType=Consumer;environment=Prod_centralus_prod-s01-068-nam-centralus;migrationStage=NotStarted}
{"logTime": "0630/225936", "correlationVector":"DFyHzqYbEKTkuIP8ripX3R","action":"Commit Request", "result":"", "context":Item count: 4
Contributing types: Sessions, History}
{"logTime": "0630/225937", "correlationVector":"DFyHzqYbEKTkuIP8ripX3R.1","action":"SyncServerConnectionManagerRequest", "result":"SYNC_SERVER_OK", "context":{"environment":"Prod_centralus_prod-s01-068-nam-centralus", "migrationStage":"NotStarted", "server":"akswtt00900002t"}}
{"logTime": "0630/225937", "correlationVector":"DFyHzqYbEKTkuIP8ripX3R.2","action":"Commit Response", "result":"Success", "context":Result: Success. cV=DFyHzqYbEKTkuIP8ripX3R.0;server=akswtt00900002t;cloudType=Consumer;environment=Prod_centralus_prod-s01-068-nam-centralus;migrationStage=NotStarted}
{"logTime": "0630/230100", "correlationVector":"gbTZRIIdgcNW32yozEO5sR","action":"Commit Request", "result":"", "context":Item count: 4
Contributing types: Sessions, History}
{"logTime": "0630/230100", "correlationVector":"gbTZRIIdgcNW32yozEO5sR.1","action":"SyncServerConnectionManagerRequest", "result":"SYNC_SERVER_OK", "context":{"environment":"Prod_centralus_prod-s01-068-nam-centralus", "migrationStage":"NotStarted", "server":"akswtt00900001u"}}
{"logTime": "0630/230100", "correlationVector":"gbTZRIIdgcNW32yozEO5sR.3","action":"Commit.Sessions", "result":"Success", "context":{"id":"28bd7df7-9cc8-4dc5-9617-ff1dfe0417b1", "isDeleted":"true", "size":"0", "version":"1751324377292"}}
{"logTime": "0630/230100", "correlationVector":"gbTZRIIdgcNW32yozEO5sR.2","action":"Commit Response", "result":"Success", "context":Result: Success. cV=gbTZRIIdgcNW32yozEO5sR.0;server=akswtt00900001u;cloudType=Consumer;environment=Prod_centralus_prod-s01-068-nam-centralus;migrationStage=NotStarted}
{"logTime": "0702/144717", "correlationVector":"LS2C9iAnSjuyVOxEnOGvHy.1","action":"SyncServerConnectionManagerRequest", "result":"SYNC_SERVER_OK", "context":{"environment":"Prod_centralus_prod-s01-068-nam-centralus", "migrationStage":"NotStarted", "server":"akswtt00900003y"}}
{"logTime": "0702/144717", "correlationVector":"LS2C9iAnSjuyVOxEnOGvHy.2","action":"ProcessGetUpdates", "result":"Done", "context":{"dataType":"Encryption Keys", "deleted":"0", "process_failed_to_decrypt":"0", "process_pending_decryption":"0", "process_success":"1", "total":"1"}}
{"logTime": "0702/144717", "correlationVector":"zFmCW/kBwPQa0h/He8e/w9","action":"SyncServerConnectionManagerRequest", "result":"SYNC_SERVER_OK", "context":{"environment":"", "migrationStage":"", "server":""}}
{"logTime": "0702/144717", "correlationVector":"zFmCW/kBwPQa0h/He8e/w9.0","action":"EncryptionKeysFetcher.DownloadKeys:", "result":"Success", "context":Key count: 9, Last key timestamp: 2025-01-21T20:09:03Z}
{"logTime": "0702/144717", "correlationVector":"zFmCW/kBwPQa0h/He8e/w9.1","action":"EncryptionKeysManager::SetEncryptionKeys:", "result":"Success", "context":Key names[9]:[4+2CwWpaiLFLxVWPwQYrvt39/pPVv/SMTJEwwbnDMCSXg8ADbmGzDQACNNfVdEgTj2pvAqeYT97M25ANjvxjww==][+ZZTZVql32BTXinsg78zCkzbWNcfR3zAls1Mc8FG7f6QxkiGYlKP5RGBxgSZWYfG2nGVZKpvXrSISYPgG3Sedw==][a0IlSzKYnhQ7juuRxd+XXqeH7K1XQCQERFC50/IF97prGa9KDm+ilr8H05WJQt0MIuNtXXTP1FI1z9F+PSoplA==][7M3UpEYjmCjm6csTNOFZoRh0o8UefxGMkaFe6nq4wQhIsVOYBnCrX47QYUdlBYUEAiMmWi+l3ny/F/YS2IDZ9w==][w2TULi1TQQ8/WXHC7P5b4tPwMy7a3yhbi2lxhhLwau/SvLlQh+caXYenf4alWkOkIqy610TRKTnfk6ZMpQRUOQ==][w7tqx1feMWAKjCDJO4JM6GyHgXTn4aEyzNVC9LIC5bkHzb0Ei2njlijc2DW0a7+7x8xXNSIlCSmimG3kuN6O4w==][kFSG3f2+T1xZuDe7O2agRjL7R4SyGGtma8bSEjzTYj7FpWmGXsqbmzyWbLbOK9soLxCjw+rTAETQP6ZkoU+k9g==][MeMVGo5+eldgozCO1MxXxJdzHYaIkVQ2NFT1pbAtMPeyV396KewGlTo6ksyaGB8fo72JfHlFsIGJw2pt7pgOyQ==][V0wdEFvH9k9/zQz3MCdcRyBfFxIsPTzUhRLA6EYHj99dXDzDnt8X9oZrnPhLFTk1eyO/1fWeJUOPpMcEFQ0YsA==]}
{"logTime": "0702/144717", "correlationVector":"zFmCW/kBwPQa0h/He8e/w9.2","action":"EncryptionKeysManager::SetEncryptionKeysWithTimestamps:", "result":"Success", "context":Key timestamps[9]:[2020-09-12T19:56:58Z][2021-05-03T12:53:44Z][2022-03-30T05:46:13Z][2022-09-27T01:21:06Z][2022-12-25T08:29:40Z][2023-06-28T02:50:12Z][2024-01-16T14:16:32Z][2024-07-22T21:36:42Z][2025-01-21T20:09:03Z]}
{"logTime": "0702/144717", "correlationVector":"LS2C9iAnSjuyVOxEnOGvHy","action":"Initial GetUpdates", "result":"", "context":Reason: NEW_CLIENT. cV=LS2C9iAnSjuyVOxEnOGvHy}
{"logTime": "0702/144717", "correlationVector":"LS2C9iAnSjuyVOxEnOGvHy.3","action":"GetUpdates Response", "result":"Success", "context":Received 1 update(s). cV=LS2C9iAnSjuyVOxEnOGvHy.0;server=akswtt00900003y;cloudType=Consumer;environment=Prod_centralus_prod-s01-068-nam-centralus;migrationStage=NotStarted}
{"logTime": "0702/144717", "correlationVector":"oNkwDoWA5Y4/YT2Q/s5OF0","action":"Initial GetUpdates", "result":"", "context":Reason: NEWLY_SUPPORTED_DATATYPE. cV=oNkwDoWA5Y4/YT2Q/s5OF0}
{"logTime": "0702/144717", "correlationVector":"oNkwDoWA5Y4/YT2Q/s5OF0.1","action":"SyncServerConnectionManagerRequest", "result":"SYNC_SERVER_OK", "context":{"environment":"Prod_centralus_prod-s01-068-nam-centralus", "migrationStage":"NotStarted", "server":"akswtt009000052"}}
{"logTime": "0702/144717", "correlationVector":"oNkwDoWA5Y4/YT2Q/s5OF0.2","action":"ProcessGetUpdates", "result":"Done", "context":{"dataType":"Passwords", "deleted":"22", "process_failed_to_decrypt":"0", "process_pending_decryption":"0", "process_success":"27", "total":"27"}}
{"logTime": "0702/144717", "correlationVector":"oNkwDoWA5Y4/YT2Q/s5OF0.3","action":"GetUpdates Response", "result":"Success", "context":Received 27 update(s). cV=oNkwDoWA5Y4/YT2Q/s5OF0.0;server=akswtt009000052;cloudType=Consumer;environment=Prod_centralus_prod-s01-068-nam-centralus;migrationStage=NotStarted}
{"logTime": "0702/144717", "correlationVector":"bkd0BJu9+nSgzZbc+Wwelj","action":"Normal GetUpdate request", "result":"", "context":cV=bkd0BJu9+nSgzZbc+Wwelj
Nudged types: Sessions, Device Info, History
Refresh requested types: Bookmarks, Preferences, Passwords, Autofill Profiles, Autofill, Extensions, Sessions, Extension settings, History Delete Directives, Device Info, User Consents, Send Tab To Self, Web Apps, History, Saved Tab Group, WebAuthn Credentials, Collection, Edge E Drop, Edge Hub App Usage, Edge Wallet, Encryption Keys}
{"logTime": "0702/144718", "correlationVector":"bkd0BJu9+nSgzZbc+Wwelj.1","action":"SyncServerConnectionManagerRequest", "result":"SYNC_SERVER_OK", "context":{"environment":"Prod_centralus_prod-s01-068-nam-centralus", "migrationStage":"NotStarted", "server":"akswtt009000049"}}
{"logTime": "0702/144718", "correlationVector":"bkd0BJu9+nSgzZbc+Wwelj.2","action":"ProcessGetUpdates", "result":"Done", "context":{"dataType":"Preferences", "deleted":"0", "process_failed_to_decrypt":"0", "process_pending_decryption":"0", "process_success":"7", "total":"7"}}
{"logTime": "0702/144718", "correlationVector":"bkd0BJu9+nSgzZbc+Wwelj.3","action":"ProcessGetUpdates", "result":"Done", "context":{"dataType":"Autofill Profiles", "deleted":"0", "process_failed_to_decrypt":"0", "process_pending_decryption":"0", "process_success":"2", "total":"2"}}
{"logTime": "0702/144718", "correlationVector":"bkd0BJu9+nSgzZbc+Wwelj.4","action":"ProcessGetUpdates", "result":"Done", "context":{"dataType":"Autofill", "deleted":"0", "process_failed_to_decrypt":"0", "process_pending_decryption":"0", "process_success":"2", "total":"2"}}
{"logTime": "0702/144718", "correlationVector":"bkd0BJu9+nSgzZbc+Wwelj.5","action":"ProcessGetUpdates", "result":"Done", "context":{"dataType":"Sessions", "deleted":"12", "process_failed_to_decrypt":"0", "process_pending_decryption":"0", "process_success":"20", "total":"20"}}
{"logTime": "0702/144718", "correlationVector":"bkd0BJu9+nSgzZbc+Wwelj.6","action":"ProcessGetUpdates", "result":"Done", "context":{"dataType":"Device Info", "deleted":"0", "process_failed_to_decrypt":"0", "process_pending_decryption":"0", "process_success":"4", "total":"4"}}
{"logTime": "0702/144718", "correlationVector":"bkd0BJu9+nSgzZbc+Wwelj.7","action":"ProcessGetUpdates", "result":"Done", "context":{"dataType":"History", "deleted":"0", "process_failed_to_decrypt":"0", "process_pending_decryption":"0", "process_success":"85", "total":"85"}}
{"logTime": "0702/144718", "correlationVector":"bkd0BJu9+nSgzZbc+Wwelj.8","action":"GetUpdates Response", "result":"Success", "context":Received 120 update(s). cV=bkd0BJu9+nSgzZbc+Wwelj.0;server=akswtt009000049;cloudType=Consumer;environment=Prod_centralus_prod-s01-068-nam-centralus;migrationStage=NotStarted}
{"logTime": "0702/144718", "correlationVector":"9AxaPRTinbuP45zz9WTxbT","action":"Commit Request", "result":"", "context":Item count: 5
Contributing types: Sessions, Device Info, History}
{"logTime": "0702/144719", "correlationVector":"9AxaPRTinbuP45zz9WTxbT.1","action":"SyncServerConnectionManagerRequest", "result":"SYNC_SERVER_OK", "context":{"environment":"Prod_centralus_prod-s01-068-nam-centralus", "migrationStage":"NotStarted", "server":"akswtt009000057"}}
{"logTime": "0702/144719", "correlationVector":"9AxaPRTinbuP45zz9WTxbT.2","action":"Commit Response", "result":"Success", "context":Result: Success. cV=9AxaPRTinbuP45zz9WTxbT.0;server=akswtt009000057;cloudType=Consumer;environment=Prod_centralus_prod-s01-068-nam-centralus;migrationStage=NotStarted}
{"logTime": "0702/144719", "correlationVector":"9AxaPRTinbuP45zz9WTxbT.3","action":"Commit.Sessions", "result":"Success", "context":{"id":"385b0528-3b91-4546-971e-60f96d64fe6b", "isDeleted":"true", "size":"0", "version":"1751324460786"}}
{"logTime": "0702/144719", "correlationVector":"DlawBrNxgNl464czQyacFY","action":"Poll GetUpdate request", "result":"", "context":cV=DlawBrNxgNl464czQyacFY}
{"logTime": "0702/144719", "correlationVector":"DlawBrNxgNl464czQyacFY.1","action":"SyncServerConnectionManagerRequest", "result":"SYNC_SERVER_OK", "context":{"environment":"Prod_centralus_prod-s01-068-nam-centralus", "migrationStage":"NotStarted", "server":"akswtt00900003g"}}
{"logTime": "0702/144719", "correlationVector":"DlawBrNxgNl464czQyacFY.2","action":"ProcessGetUpdates", "result":"Done", "context":{"dataType":"Sessions", "deleted":"1", "process_failed_to_decrypt":"0", "process_pending_decryption":"0", "process_success":"3", "total":"3"}}
{"logTime": "0702/144719", "correlationVector":"DlawBrNxgNl464czQyacFY.3","action":"ProcessGetUpdates", "result":"Done", "context":{"dataType":"Device Info", "deleted":"0", "process_failed_to_decrypt":"0", "process_pending_decryption":"0", "process_success":"1", "total":"1"}}
{"logTime": "0702/144719", "correlationVector":"DlawBrNxgNl464czQyacFY.4","action":"ProcessGetUpdates", "result":"Done", "context":{"dataType":"History", "deleted":"0", "process_failed_to_decrypt":"0", "process_pending_decryption":"0", "process_success":"1", "total":"1"}}
{"logTime": "0702/144719", "correlationVector":"DlawBrNxgNl464czQyacFY.5","action":"GetUpdates Response", "result":"Success", "context":Received 5 update(s). cV=DlawBrNxgNl464czQyacFY.0;server=akswtt00900003g;cloudType=Consumer;environment=Prod_centralus_prod-s01-068-nam-centralus;migrationStage=NotStarted}
{"logTime": "0702/144719", "correlationVector":"oiT5UFbzeW2BvNswNGbmYu","action":"Commit Request", "result":"", "context":Item count: 2
Contributing types: Sessions, History}
{"logTime": "0702/144720", "correlationVector":"oiT5UFbzeW2BvNswNGbmYu.1","action":"SyncServerConnectionManagerRequest", "result":"SYNC_SERVER_OK", "context":{"environment":"Prod_centralus_prod-s01-068-nam-centralus", "migrationStage":"NotStarted", "server":"akswtt009000039"}}
{"logTime": "0702/144720", "correlationVector":"oiT5UFbzeW2BvNswNGbmYu.2","action":"Commit Response", "result":"Success", "context":Result: Success. cV=oiT5UFbzeW2BvNswNGbmYu.0;server=akswtt009000039;cloudType=Consumer;environment=Prod_centralus_prod-s01-068-nam-centralus;migrationStage=NotStarted}
{"logTime": "0702/144735", "correlationVector":"/H2zTtUj5CWn8gQ7H0At8o","action":"Commit Request", "result":"", "context":Item count: 6
Contributing types: Preferences, Sessions, History, Edge Hub App Usage}
{"logTime": "0702/144736", "correlationVector":"/H2zTtUj5CWn8gQ7H0At8o.1","action":"SyncServerConnectionManagerRequest", "result":"SYNC_SERVER_OK", "context":{"environment":"Prod_centralus_prod-s01-068-nam-centralus", "migrationStage":"NotStarted", "server":"akswtt00900003h"}}
{"logTime": "0702/144736", "correlationVector":"/H2zTtUj5CWn8gQ7H0At8o.2","action":"Commit Response", "result":"Success", "context":Result: Success. cV=/H2zTtUj5CWn8gQ7H0At8o.0;server=akswtt00900003h;cloudType=Consumer;environment=Prod_centralus_prod-s01-068-nam-centralus;migrationStage=NotStarted}
{"logTime": "0702/144736", "correlationVector":"3EnJvewH+XUcve6RtfOWx6","action":"Commit Request", "result":"", "context":Item count: 5
Contributing types: Passwords, Autofill, Sessions, History}
{"logTime": "0702/144737", "correlationVector":"3EnJvewH+XUcve6RtfOWx6.1","action":"SyncServerConnectionManagerRequest", "result":"SYNC_SERVER_OK", "context":{"environment":"Prod_centralus_prod-s01-068-nam-centralus", "migrationStage":"NotStarted", "server":"akswtt00900002c"}}
{"logTime": "0702/144737", "correlationVector":"3EnJvewH+XUcve6RtfOWx6.2","action":"Commit Response", "result":"Success", "context":Result: Success. cV=3EnJvewH+XUcve6RtfOWx6.0;server=akswtt00900002c;cloudType=Consumer;environment=Prod_centralus_prod-s01-068-nam-centralus;migrationStage=NotStarted}
{"logTime": "0702/144739", "correlationVector":"V1qxbyD3T/9i1mJ355EJ6E","action":"Commit Request", "result":"", "context":Item count: 6
Contributing types: Preferences, Sessions, History}
{"logTime": "0702/144740", "correlationVector":"V1qxbyD3T/9i1mJ355EJ6E.1","action":"SyncServerConnectionManagerRequest", "result":"SYNC_SERVER_OK", "context":{"environment":"Prod_centralus_prod-s01-068-nam-centralus", "migrationStage":"NotStarted", "server":"akswtt00900004w"}}
{"logTime": "0702/144740", "correlationVector":"V1qxbyD3T/9i1mJ355EJ6E.2","action":"Commit Response", "result":"Success", "context":Result: Success. cV=V1qxbyD3T/9i1mJ355EJ6E.0;server=akswtt00900004w;cloudType=Consumer;environment=Prod_centralus_prod-s01-068-nam-centralus;migrationStage=NotStarted}
