2025-06-30 22:50:53.800: [INFO][Sync] Reset engine, reason: 8
2025-06-30 22:50:53.800: [INFO][Sync] Stopped: Bookmarks
2025-06-30 22:50:53.800: [INFO][Sync] Stopped: Preferences
2025-06-30 22:50:53.800: [INFO][Sync] Stopped: Passwords
2025-06-30 22:50:53.800: [INFO][Sync] Stopped: Autofill Profiles
2025-06-30 22:50:53.800: [INFO][Sync] Stopped: Autofill
2025-06-30 22:50:53.800: [INFO][Sync] Stopped: Extensions
2025-06-30 22:50:53.800: [INFO][Sync] Stopped: Sessions
2025-06-30 22:50:53.800: [INFO][Sync] Stopped: Extension settings
2025-06-30 22:50:53.800: [INFO][Sync] Stopped: History Delete Directives
2025-06-30 22:50:53.800: [INFO][Sync] Stopped: Device Info
2025-06-30 22:50:53.800: [INFO][Sync] Stopped: User Consents
2025-06-30 22:50:53.800: [INFO][Sync] Stopped: Send Tab To Self
2025-06-30 22:50:53.800: [INFO][Sync] Stopped: Web Apps
2025-06-30 22:50:53.800: [INFO][Sync] Stopped: History
2025-06-30 22:50:53.800: [INFO][Sync] Stopped: Saved Tab Group
2025-06-30 22:50:53.800: [INFO][Sync] Stopped: WebAuthn Credentials
2025-06-30 22:50:53.800: [INFO][Sync] Stopped: Collection
2025-06-30 22:50:53.800: [INFO][Sync] Stopped: Edge E Drop
2025-06-30 22:50:53.800: [INFO][Sync] Stopped: Edge Hub App Usage
2025-06-30 22:50:53.800: [INFO][Sync] Stopped: Edge Wallet
2025-06-30 22:50:53.800: [INFO][Sync] SyncState after authenticated was: NotSignedIn
2025-06-30 22:50:54.004: [INFO][Sync] Reset engine, reason: 8
2025-06-30 22:50:54.004: [INFO][Sync] Stopped: Bookmarks
2025-06-30 22:50:54.004: [INFO][Sync] Stopped: Preferences
2025-06-30 22:50:54.004: [INFO][Sync] Stopped: Passwords
2025-06-30 22:50:54.004: [INFO][Sync] Stopped: Autofill Profiles
2025-06-30 22:50:54.004: [INFO][Sync] Stopped: Autofill
2025-06-30 22:50:54.004: [INFO][Sync] Stopped: Extensions
2025-06-30 22:50:54.004: [INFO][Sync] Stopped: Sessions
2025-06-30 22:50:54.004: [INFO][Sync] Stopped: Extension settings
2025-06-30 22:50:54.004: [INFO][Sync] Stopped: History Delete Directives
2025-06-30 22:50:54.004: [INFO][Sync] Stopped: Device Info
2025-06-30 22:50:54.004: [INFO][Sync] Stopped: User Consents
2025-06-30 22:50:54.004: [INFO][Sync] Stopped: Send Tab To Self
2025-06-30 22:50:54.004: [INFO][Sync] Stopped: Web Apps
2025-06-30 22:50:54.004: [INFO][Sync] Stopped: History
2025-06-30 22:50:54.004: [INFO][Sync] Stopped: Saved Tab Group
2025-06-30 22:50:54.004: [INFO][Sync] Stopped: WebAuthn Credentials
2025-06-30 22:50:54.004: [INFO][Sync] Stopped: Collection
2025-06-30 22:50:54.004: [INFO][Sync] Stopped: Edge E Drop
2025-06-30 22:50:54.004: [INFO][Sync] Stopped: Edge Hub App Usage
2025-06-30 22:50:54.004: [INFO][Sync] Stopped: Edge Wallet
2025-06-30 22:50:54.249: [INFO][Sync] Try to start sync engine
2025-06-30 22:50:54.250: [INFO][SyncManagerImpl::NudgeForInitialDownload] Initial download nudge for Encryption Keys
2025-06-30 22:50:54.250: [INFO][SyncEngineBackend::LoadAndConnectNigoriController] Load and connect Nigori controller
2025-06-30 22:50:54.250: [INFO][SyncEngineBackend::DoInitialize] Control Types added: Encryption Keys
2025-06-30 22:50:54.250: [INFO][SyncManagerImpl::ConfigureSyncer] Types to download: Encryption Keys with reason: 3
2025-06-30 22:50:54.250: [INFO][SyncSchedulerImpl::DoConfigurationSyncCycleJob] Configure job was blocked
2025-06-30 22:50:54.509: [INFO][SyncAuthManager::SetLastAuthError] Current auth error: None
2025-06-30 22:50:54.509: [INFO][SyncAuthManager::EdgeLogTokenErrorState] Token error with: None for account type: MSA
2025-06-30 22:50:54.509: [INFO][Sync] Credentials changed for: EdgeSyncScopeNew
2025-06-30 22:50:57.643: [INFO][SyncAuthManager::SetLastAuthError] Current auth error: None
2025-06-30 22:50:57.643: [INFO][SyncAuthManager::EdgeLogTokenErrorState] Token error with: None for account type: MSA
2025-06-30 22:50:57.643: [INFO][Sync] Credentials changed for: EdgeSyncKeyDataScope
2025-06-30 22:50:57.643: [INFO][SyncEngineBackend::DoUpdateKeyDataCredentials] Update key data credentials
2025-06-30 22:50:57.643: [INFO][SyncEngineBackend::DoUpdateCredentials] Update credentials
2025-06-30 22:50:57.643: [INFO][SyncSchedulerImpl::DoConfigurationSyncCycleJob] Blocked types:  and types to download: Encryption Keys
2025-06-30 22:50:59.050: [INFO][Sync] Started DataTypeManager configuration, reason: 4
2025-06-30 22:50:59.050: [INFO][Sync] Configuring for: Bookmarks, Preferences, Passwords, Autofill Profiles, Autofill, Extensions, Sessions, Extension settings, History Delete Directives, Device Info, User Consents, Send Tab To Self, Web Apps, History, Saved Tab Group, WebAuthn Credentials, Collection, Edge E Drop, Edge Hub App Usage, Edge Wallet, Encryption Keys, reason: 3, current state: 0
2025-06-30 22:50:59.050: [WARN][Sync] Crypto error data types: Passwords, Autofill Profiles, Autofill
2025-06-30 22:50:59.051: [INFO][Sync] Configure, desired: Bookmarks, Preferences, Extensions, Sessions, Extension settings, History Delete Directives, Device Info, User Consents, Send Tab To Self, Web Apps, History, Saved Tab Group, WebAuthn Credentials, Collection, Edge E Drop, Edge Hub App Usage, Edge Wallet, Encryption Keys; Allow fail: Passwords, Autofill Profiles, Autofill
2025-06-30 22:50:59.051: [INFO][Sync] Loading: Bookmarks
2025-06-30 22:50:59.051: [INFO][Sync] Loading: Preferences
2025-06-30 22:50:59.051: [INFO][Sync] Loading: Extensions
2025-06-30 22:50:59.051: [INFO][Sync] Loading: Sessions
2025-06-30 22:50:59.051: [INFO][Sync] Loading: Extension settings
2025-06-30 22:50:59.051: [INFO][Sync] Loading: History Delete Directives
2025-06-30 22:50:59.051: [INFO][Sync] Loading: Device Info
2025-06-30 22:50:59.051: [INFO][Sync] Loading: User Consents
2025-06-30 22:50:59.051: [INFO][Sync] Loading: Send Tab To Self
2025-06-30 22:50:59.051: [INFO][Sync] Loading: Web Apps
2025-06-30 22:50:59.051: [INFO][Sync] Loading: History
2025-06-30 22:50:59.051: [INFO][Sync] Loading: Saved Tab Group
2025-06-30 22:50:59.051: [INFO][Sync] Loading: WebAuthn Credentials
2025-06-30 22:50:59.051: [INFO][Sync] Loading: Collection
2025-06-30 22:50:59.051: [INFO][Sync] Loading: Edge E Drop
2025-06-30 22:50:59.051: [INFO][Sync] Loading: Edge Hub App Usage
2025-06-30 22:50:59.051: [INFO][Sync] Loading: Edge Wallet
2025-06-30 22:50:59.057: [INFO][Sync] All data types are ready for configure.
2025-06-30 22:50:59.776: [INFO][Sync] Started DataTypeManager configuration, reason: 5
2025-06-30 22:50:59.776: [INFO][Sync] Configuring for: Bookmarks, Preferences, Passwords, Autofill Profiles, Autofill, Extensions, Sessions, Extension settings, History Delete Directives, Device Info, User Consents, Send Tab To Self, Web Apps, History, Saved Tab Group, WebAuthn Credentials, Collection, Edge E Drop, Edge Hub App Usage, Edge Wallet, Encryption Keys, reason: 5, current state: 1
2025-06-30 22:50:59.784: [INFO][SyncEngineBackend::DoStartConfiguration] Start configuration
2025-06-30 22:50:59.784: [INFO][SyncManagerImpl::NudgeForInitialDownload] Initial download nudge for Bookmarks
2025-06-30 22:50:59.784: [INFO][SyncManagerImpl::NudgeForInitialDownload] Initial download nudge for Preferences
2025-06-30 22:50:59.784: [INFO][SyncManagerImpl::NudgeForInitialDownload] Initial download nudge for Extensions
2025-06-30 22:50:59.784: [INFO][SyncManagerImpl::NudgeForInitialDownload] Initial download nudge for Sessions
2025-06-30 22:50:59.784: [INFO][SyncManagerImpl::NudgeForInitialDownload] Initial download nudge for Extension settings
2025-06-30 22:50:59.784: [INFO][SyncManagerImpl::NudgeForInitialDownload] Initial download nudge for History Delete Directives
2025-06-30 22:50:59.784: [INFO][SyncManagerImpl::NudgeForInitialDownload] Initial download nudge for Device Info
2025-06-30 22:50:59.784: [INFO][SyncManagerImpl::NudgeForInitialDownload] Initial download nudge for Send Tab To Self
2025-06-30 22:50:59.784: [INFO][SyncManagerImpl::NudgeForInitialDownload] Initial download nudge for Web Apps
2025-06-30 22:50:59.784: [INFO][SyncManagerImpl::NudgeForInitialDownload] Initial download nudge for History
2025-06-30 22:50:59.784: [INFO][SyncManagerImpl::NudgeForInitialDownload] Initial download nudge for Saved Tab Group
2025-06-30 22:50:59.784: [INFO][SyncManagerImpl::NudgeForInitialDownload] Initial download nudge for WebAuthn Credentials
2025-06-30 22:50:59.784: [INFO][SyncManagerImpl::NudgeForInitialDownload] Initial download nudge for Collection
2025-06-30 22:50:59.784: [INFO][SyncManagerImpl::NudgeForInitialDownload] Initial download nudge for Edge E Drop
2025-06-30 22:50:59.784: [INFO][SyncManagerImpl::NudgeForInitialDownload] Initial download nudge for Edge Hub App Usage
2025-06-30 22:50:59.784: [INFO][SyncManagerImpl::NudgeForInitialDownload] Initial download nudge for Edge Wallet
2025-06-30 22:50:59.784: [INFO][SyncManagerImpl::ConfigureSyncer] Types to download:  with reason: 3
2025-06-30 22:50:59.784: [INFO][SyncEngineBackend::DoFinishConfigureDataTypes] Failed to download types:  and succeeded types: 
2025-06-30 22:50:59.784: [INFO][Sync] ConfigurationDone, failed: , succeeded: , remaining count: 4
2025-06-30 22:50:59.784: [WARN][Sync]     Reconfigure requested while configuration ongoing.
2025-06-30 22:50:59.784: [INFO][Sync] Configuring for: Bookmarks, Preferences, Passwords, Autofill Profiles, Autofill, Extensions, Sessions, Extension settings, History Delete Directives, Device Info, User Consents, Send Tab To Self, Web Apps, History, Saved Tab Group, WebAuthn Credentials, Collection, Edge E Drop, Edge Hub App Usage, Edge Wallet, Encryption Keys, reason: 5, current state: 2
2025-06-30 22:50:59.784: [INFO][Sync] Configure, desired: Bookmarks, Preferences, Passwords, Autofill Profiles, Autofill, Extensions, Sessions, Extension settings, History Delete Directives, Device Info, User Consents, Send Tab To Self, Web Apps, History, Saved Tab Group, WebAuthn Credentials, Collection, Edge E Drop, Edge Hub App Usage, Edge Wallet, Encryption Keys; Allow fail: 
2025-06-30 22:50:59.784: [INFO][Sync] Loading: Passwords
2025-06-30 22:50:59.784: [INFO][Sync] Loading: Autofill Profiles
2025-06-30 22:50:59.784: [INFO][Sync] Loading: Autofill
2025-06-30 22:50:59.784: [INFO][Sync] All data types are ready for configure.
2025-06-30 22:50:59.784: [INFO][SyncManagerImpl::NudgeForInitialDownload] Initial download nudge for Passwords
2025-06-30 22:50:59.784: [INFO][SyncManagerImpl::NudgeForInitialDownload] Initial download nudge for Autofill Profiles
2025-06-30 22:50:59.784: [INFO][SyncManagerImpl::NudgeForInitialDownload] Initial download nudge for Autofill
2025-06-30 22:50:59.784: [INFO][SyncManagerImpl::ConfigureSyncer] Types to download:  with reason: 5
2025-06-30 22:50:59.784: [INFO][SyncEngineBackend::DoFinishConfigureDataTypes] Failed to download types:  and succeeded types: 
2025-06-30 22:50:59.784: [INFO][Sync] ConfigurationDone, failed: , succeeded: , remaining count: 4
2025-06-30 22:50:59.784: [INFO][Sync] Prepare to configure types: Preferences, Passwords, Device Info, Send Tab To Self, Edge E Drop, Encryption Keys
2025-06-30 22:50:59.784: [INFO][SyncManagerImpl::ConfigureSyncer] Types to download: Preferences, Passwords, Device Info, Send Tab To Self, Edge E Drop, Encryption Keys with reason: 5
2025-06-30 22:50:59.784: [INFO][SyncSchedulerImpl::DoConfigurationSyncCycleJob] Blocked types:  and types to download: Preferences, Passwords, Device Info, Send Tab To Self, Edge E Drop, Encryption Keys
2025-06-30 22:51:00.228: [INFO][SyncEngineBackend::DoFinishConfigureDataTypes] Failed to download types:  and succeeded types: Preferences, Passwords, Device Info, Send Tab To Self, Edge E Drop, Encryption Keys
2025-06-30 22:51:00.231: [INFO][Sync] ConfigurationDone, failed: , succeeded: Preferences, Passwords, Device Info, Send Tab To Self, Edge E Drop, Encryption Keys, remaining count: 3
2025-06-30 22:51:00.231: [INFO][Sync] Prepare to configure types: Bookmarks, Encryption Keys
2025-06-30 22:51:00.231: [INFO][SyncManagerImpl::ConfigureSyncer] Types to download: Bookmarks, Encryption Keys with reason: 5
2025-06-30 22:51:00.231: [INFO][SyncSchedulerImpl::DoConfigurationSyncCycleJob] Blocked types:  and types to download: Bookmarks, Encryption Keys
2025-06-30 22:51:01.056: [INFO][SyncEngineBackend::DoFinishConfigureDataTypes] Failed to download types:  and succeeded types: Bookmarks, Encryption Keys
2025-06-30 22:51:01.057: [INFO][Sync] ConfigurationDone, failed: , succeeded: Bookmarks, Encryption Keys, remaining count: 2
2025-06-30 22:51:01.057: [INFO][Sync] Prepare to configure types: Autofill Profiles, Autofill, Extensions, Sessions, Extension settings, History Delete Directives, Web Apps, Saved Tab Group, WebAuthn Credentials, Collection, Edge Hub App Usage, Edge Wallet, Encryption Keys
2025-06-30 22:51:01.057: [INFO][SyncManagerImpl::ConfigureSyncer] Types to download: Autofill Profiles, Autofill, Extensions, Sessions, Extension settings, History Delete Directives, Web Apps, Saved Tab Group, WebAuthn Credentials, Collection, Edge Hub App Usage, Edge Wallet, Encryption Keys with reason: 5
2025-06-30 22:51:01.057: [INFO][SyncSchedulerImpl::DoConfigurationSyncCycleJob] Blocked types:  and types to download: Autofill Profiles, Autofill, Extensions, Sessions, Extension settings, History Delete Directives, Web Apps, Saved Tab Group, WebAuthn Credentials, Collection, Edge Hub App Usage, Edge Wallet, Encryption Keys
2025-06-30 22:51:01.575: [INFO][SyncEngineBackend::DoFinishConfigureDataTypes] Failed to download types:  and succeeded types: Autofill Profiles, Autofill, Extensions, Sessions, Extension settings, History Delete Directives, Web Apps, Saved Tab Group, WebAuthn Credentials, Collection, Edge Hub App Usage, Edge Wallet, Encryption Keys
2025-06-30 22:51:01.575: [INFO][Sync] ConfigurationDone, failed: , succeeded: Autofill Profiles, Autofill, Extensions, Sessions, Extension settings, History Delete Directives, Web Apps, Saved Tab Group, WebAuthn Credentials, Collection, Edge Hub App Usage, Edge Wallet, Encryption Keys, remaining count: 1
2025-06-30 22:51:01.576: [INFO][Sync] Prepare to configure types: History, Encryption Keys
2025-06-30 22:51:01.576: [INFO][SyncManagerImpl::ConfigureSyncer] Types to download: History, Encryption Keys with reason: 5
2025-06-30 22:51:01.576: [INFO][SyncSchedulerImpl::DoConfigurationSyncCycleJob] Blocked types:  and types to download: History, Encryption Keys
2025-06-30 22:51:02.358: [INFO][SyncEngineBackend::DoFinishConfigureDataTypes] Failed to download types:  and succeeded types: History, Encryption Keys
2025-06-30 22:51:02.360: [INFO][Sync] ConfigurationDone, failed: , succeeded: History, Encryption Keys, remaining count: 0
2025-06-30 22:51:02.361: [INFO][Sync]     Configuration completed, state: 7
2025-06-30 22:51:02.362: [INFO][Sync] Configured DataTypeManager: Ok
2025-06-30 22:51:02.364: [INFO][SyncEngineBackend::DoStartSyncing] Start syncing
2025-06-30 22:53:16.127: [INFO][Sync] Reset engine, reason: 0
2025-06-30 22:53:16.127: [INFO][Sync] Reset engine with reason: 0
2025-06-30 22:56:58.591: [INFO][Sync] SyncState after authenticated was: FeatureCanStart
2025-06-30 22:56:58.978: [INFO][Sync] Try to start sync engine
2025-06-30 22:56:58.980: [INFO][SyncManagerImpl::NudgeForInitialDownload] Initial download nudge for Encryption Keys
2025-06-30 22:56:58.980: [INFO][SyncEngineBackend::LoadAndConnectNigoriController] Load and connect Nigori controller
2025-06-30 22:56:58.980: [INFO][SyncEngineBackend::DoInitialize] Control Types added: Encryption Keys
2025-06-30 22:56:58.980: [INFO][SyncManagerImpl::ConfigureSyncer] Types to download: Encryption Keys with reason: 3
2025-06-30 22:56:58.980: [INFO][SyncSchedulerImpl::DoConfigurationSyncCycleJob] Configure job was blocked
2025-06-30 22:56:59.014: [INFO][SyncAuthManager::SetLastAuthError] Current auth error: None
2025-06-30 22:56:59.014: [INFO][SyncAuthManager::EdgeLogTokenErrorState] Token error with: None for account type: MSA
2025-06-30 22:56:59.014: [INFO][Sync] Credentials changed for: EdgeSyncScopeNew
2025-06-30 22:57:00.643: [INFO][SyncAuthManager::SetLastAuthError] Current auth error: None
2025-06-30 22:57:00.643: [INFO][SyncAuthManager::EdgeLogTokenErrorState] Token error with: None for account type: MSA
2025-06-30 22:57:00.643: [INFO][Sync] Credentials changed for: EdgeSyncKeyDataScope
2025-06-30 22:57:00.643: [INFO][SyncEngineBackend::DoUpdateKeyDataCredentials] Update key data credentials
2025-06-30 22:57:00.643: [INFO][SyncEngineBackend::DoUpdateCredentials] Update credentials
2025-06-30 22:57:00.643: [INFO][SyncSchedulerImpl::DoConfigurationSyncCycleJob] Blocked types:  and types to download: Encryption Keys
2025-06-30 22:57:02.542: [INFO][Sync] Started DataTypeManager configuration, reason: 4
2025-06-30 22:57:02.542: [INFO][Sync] Configuring for: Bookmarks, Preferences, Passwords, Autofill Profiles, Autofill, Extensions, Sessions, Extension settings, History Delete Directives, Device Info, User Consents, Send Tab To Self, Web Apps, History, Saved Tab Group, WebAuthn Credentials, Collection, Edge E Drop, Edge Hub App Usage, Edge Wallet, Encryption Keys, reason: 4, current state: 0
2025-06-30 22:57:02.542: [WARN][Sync] Crypto error data types: Passwords, Autofill Profiles, Autofill
2025-06-30 22:57:02.543: [INFO][Sync] Configure, desired: Bookmarks, Preferences, Extensions, Sessions, Extension settings, History Delete Directives, Device Info, User Consents, Send Tab To Self, Web Apps, History, Saved Tab Group, WebAuthn Credentials, Collection, Edge E Drop, Edge Hub App Usage, Edge Wallet, Encryption Keys; Allow fail: Passwords, Autofill Profiles, Autofill
2025-06-30 22:57:02.544: [INFO][Sync] Loading: Bookmarks
2025-06-30 22:57:02.544: [INFO][Sync] Loading: Preferences
2025-06-30 22:57:02.544: [INFO][Sync] Loading: Extensions
2025-06-30 22:57:02.544: [INFO][Sync] Loading: Sessions
2025-06-30 22:57:02.544: [INFO][Sync] Loading: Extension settings
2025-06-30 22:57:02.544: [INFO][Sync] Loading: History Delete Directives
2025-06-30 22:57:02.544: [INFO][Sync] Loading: Device Info
2025-06-30 22:57:02.544: [INFO][Sync] Loading: User Consents
2025-06-30 22:57:02.544: [INFO][Sync] Loading: Send Tab To Self
2025-06-30 22:57:02.544: [INFO][Sync] Loading: Web Apps
2025-06-30 22:57:02.544: [INFO][Sync] Loading: History
2025-06-30 22:57:02.544: [INFO][Sync] Loading: Saved Tab Group
2025-06-30 22:57:02.544: [INFO][Sync] Loading: WebAuthn Credentials
2025-06-30 22:57:02.544: [INFO][Sync] Loading: Collection
2025-06-30 22:57:02.544: [INFO][Sync] Loading: Edge E Drop
2025-06-30 22:57:02.544: [INFO][Sync] Loading: Edge Hub App Usage
2025-06-30 22:57:02.544: [INFO][Sync] Loading: Edge Wallet
2025-06-30 22:57:02.549: [INFO][Sync] All data types are ready for configure.
2025-06-30 22:57:04.385: [INFO][Sync] Started DataTypeManager configuration, reason: 5
2025-06-30 22:57:04.385: [INFO][Sync] Configuring for: Bookmarks, Preferences, Passwords, Autofill Profiles, Autofill, Extensions, Sessions, Extension settings, History Delete Directives, Device Info, User Consents, Send Tab To Self, Web Apps, History, Saved Tab Group, WebAuthn Credentials, Collection, Edge E Drop, Edge Hub App Usage, Edge Wallet, Encryption Keys, reason: 5, current state: 1
2025-06-30 22:57:04.393: [INFO][SyncEngineBackend::DoStartConfiguration] Start configuration
2025-06-30 22:57:04.393: [INFO][SyncManagerImpl::ConfigureSyncer] Types to download:  with reason: 4
2025-06-30 22:57:04.393: [INFO][SyncEngineBackend::DoFinishConfigureDataTypes] Failed to download types:  and succeeded types: 
2025-06-30 22:57:04.393: [INFO][Sync] ConfigurationDone, failed: , succeeded: , remaining count: 4
2025-06-30 22:57:04.393: [WARN][Sync]     Reconfigure requested while configuration ongoing.
2025-06-30 22:57:04.393: [INFO][Sync] Configuring for: Bookmarks, Preferences, Passwords, Autofill Profiles, Autofill, Extensions, Sessions, Extension settings, History Delete Directives, Device Info, User Consents, Send Tab To Self, Web Apps, History, Saved Tab Group, WebAuthn Credentials, Collection, Edge E Drop, Edge Hub App Usage, Edge Wallet, Encryption Keys, reason: 5, current state: 2
2025-06-30 22:57:04.393: [INFO][Sync] Configure, desired: Bookmarks, Preferences, Passwords, Autofill Profiles, Autofill, Extensions, Sessions, Extension settings, History Delete Directives, Device Info, User Consents, Send Tab To Self, Web Apps, History, Saved Tab Group, WebAuthn Credentials, Collection, Edge E Drop, Edge Hub App Usage, Edge Wallet, Encryption Keys; Allow fail: 
2025-06-30 22:57:04.393: [INFO][Sync] Loading: Passwords
2025-06-30 22:57:04.393: [INFO][Sync] Loading: Autofill Profiles
2025-06-30 22:57:04.393: [INFO][Sync] Loading: Autofill
2025-06-30 22:57:04.393: [INFO][Sync] All data types are ready for configure.
2025-06-30 22:57:04.393: [INFO][SyncManagerImpl::NudgeForInitialDownload] Initial download nudge for Passwords
2025-06-30 22:57:04.393: [INFO][SyncManagerImpl::ConfigureSyncer] Types to download:  with reason: 5
2025-06-30 22:57:04.393: [INFO][SyncEngineBackend::DoFinishConfigureDataTypes] Failed to download types:  and succeeded types: 
2025-06-30 22:57:04.393: [INFO][Sync] ConfigurationDone, failed: , succeeded: , remaining count: 4
2025-06-30 22:57:04.393: [INFO][Sync] Prepare to configure types: Passwords, Encryption Keys
2025-06-30 22:57:04.393: [INFO][SyncManagerImpl::ConfigureSyncer] Types to download: Passwords, Encryption Keys with reason: 5
2025-06-30 22:57:04.393: [INFO][SyncSchedulerImpl::DoConfigurationSyncCycleJob] Blocked types:  and types to download: Passwords, Encryption Keys
2025-06-30 22:57:04.934: [INFO][SyncEngineBackend::DoFinishConfigureDataTypes] Failed to download types:  and succeeded types: Passwords, Encryption Keys
2025-06-30 22:57:04.936: [INFO][Sync] ConfigurationDone, failed: , succeeded: Passwords, Encryption Keys, remaining count: 3
2025-06-30 22:57:04.936: [INFO][SyncManagerImpl::ConfigureSyncer] Types to download:  with reason: 5
2025-06-30 22:57:04.936: [INFO][SyncEngineBackend::DoFinishConfigureDataTypes] Failed to download types:  and succeeded types: 
2025-06-30 22:57:04.936: [INFO][Sync] ConfigurationDone, failed: , succeeded: , remaining count: 2
2025-06-30 22:57:04.936: [INFO][SyncManagerImpl::ConfigureSyncer] Types to download:  with reason: 5
2025-06-30 22:57:04.936: [INFO][SyncEngineBackend::DoFinishConfigureDataTypes] Failed to download types:  and succeeded types: 
2025-06-30 22:57:04.940: [INFO][Sync] ConfigurationDone, failed: , succeeded: , remaining count: 1
2025-06-30 22:57:04.942: [INFO][SyncManagerImpl::ConfigureSyncer] Types to download:  with reason: 5
2025-06-30 22:57:04.942: [INFO][SyncEngineBackend::DoFinishConfigureDataTypes] Failed to download types:  and succeeded types: 
2025-06-30 22:57:04.942: [INFO][Sync] ConfigurationDone, failed: , succeeded: , remaining count: 0
2025-06-30 22:57:04.944: [INFO][Sync]     Configuration completed, state: 7
2025-06-30 22:57:04.944: [INFO][Sync] Configured DataTypeManager: Ok
2025-06-30 22:57:04.947: [INFO][SyncEngineBackend::DoStartSyncing] Start syncing
2025-06-30 23:01:11.847: [INFO][Sync] Reset engine, reason: 0
2025-06-30 23:01:11.847: [INFO][Sync] Reset engine with reason: 0
2025-07-02 14:47:14.292: [INFO][Sync] SyncState after authenticated was: FeatureCanStart
2025-07-02 14:47:14.925: [INFO][Sync] Try to start sync engine
2025-07-02 14:47:14.927: [INFO][SyncManagerImpl::NudgeForInitialDownload] Initial download nudge for Encryption Keys
2025-07-02 14:47:14.927: [INFO][SyncEngineBackend::LoadAndConnectNigoriController] Load and connect Nigori controller
2025-07-02 14:47:14.927: [INFO][SyncEngineBackend::DoInitialize] Control Types added: Encryption Keys
2025-07-02 14:47:14.927: [INFO][SyncManagerImpl::ConfigureSyncer] Types to download: Encryption Keys with reason: 3
2025-07-02 14:47:14.927: [INFO][SyncSchedulerImpl::DoConfigurationSyncCycleJob] Configure job was blocked
2025-07-02 14:47:14.976: [INFO][SyncAuthManager::SetLastAuthError] Current auth error: None
2025-07-02 14:47:14.976: [INFO][SyncAuthManager::EdgeLogTokenErrorState] Token error with: None for account type: MSA
2025-07-02 14:47:14.976: [INFO][Sync] Credentials changed for: EdgeSyncScopeNew
2025-07-02 14:47:16.179: [INFO][SyncAuthManager::SetLastAuthError] Current auth error: None
2025-07-02 14:47:16.179: [INFO][SyncAuthManager::EdgeLogTokenErrorState] Token error with: None for account type: MSA
2025-07-02 14:47:16.179: [INFO][Sync] Credentials changed for: EdgeSyncKeyDataScope
2025-07-02 14:47:16.180: [INFO][SyncEngineBackend::DoUpdateKeyDataCredentials] Update key data credentials
2025-07-02 14:47:16.180: [INFO][SyncEngineBackend::DoUpdateCredentials] Update credentials
2025-07-02 14:47:16.180: [INFO][SyncSchedulerImpl::DoConfigurationSyncCycleJob] Blocked types:  and types to download: Encryption Keys
2025-07-02 14:47:17.133: [INFO][Sync] Started DataTypeManager configuration, reason: 4
2025-07-02 14:47:17.133: [INFO][Sync] Configuring for: Bookmarks, Preferences, Passwords, Autofill Profiles, Autofill, Extensions, Sessions, Extension settings, History Delete Directives, Device Info, User Consents, Send Tab To Self, Web Apps, History, Saved Tab Group, WebAuthn Credentials, Collection, Edge E Drop, Edge Hub App Usage, Edge Wallet, Encryption Keys, reason: 4, current state: 0
2025-07-02 14:47:17.133: [WARN][Sync] Crypto error data types: Passwords, Autofill Profiles, Autofill
2025-07-02 14:47:17.136: [INFO][Sync] Configure, desired: Bookmarks, Preferences, Extensions, Sessions, Extension settings, History Delete Directives, Device Info, User Consents, Send Tab To Self, Web Apps, History, Saved Tab Group, WebAuthn Credentials, Collection, Edge E Drop, Edge Hub App Usage, Edge Wallet, Encryption Keys; Allow fail: Passwords, Autofill Profiles, Autofill
2025-07-02 14:47:17.136: [INFO][Sync] Loading: Bookmarks
2025-07-02 14:47:17.136: [INFO][Sync] Loading: Preferences
2025-07-02 14:47:17.136: [INFO][Sync] Loading: Extensions
2025-07-02 14:47:17.136: [INFO][Sync] Loading: Sessions
2025-07-02 14:47:17.136: [INFO][Sync] Loading: Extension settings
2025-07-02 14:47:17.136: [INFO][Sync] Loading: History Delete Directives
2025-07-02 14:47:17.136: [INFO][Sync] Loading: Device Info
2025-07-02 14:47:17.136: [INFO][Sync] Loading: User Consents
2025-07-02 14:47:17.136: [INFO][Sync] Loading: Send Tab To Self
2025-07-02 14:47:17.136: [INFO][Sync] Loading: Web Apps
2025-07-02 14:47:17.136: [INFO][Sync] Loading: History
2025-07-02 14:47:17.136: [INFO][Sync] Loading: Saved Tab Group
2025-07-02 14:47:17.136: [INFO][Sync] Loading: WebAuthn Credentials
2025-07-02 14:47:17.136: [INFO][Sync] Loading: Collection
2025-07-02 14:47:17.136: [INFO][Sync] Loading: Edge E Drop
2025-07-02 14:47:17.136: [INFO][Sync] Loading: Edge Hub App Usage
2025-07-02 14:47:17.136: [INFO][Sync] Loading: Edge Wallet
2025-07-02 14:47:17.151: [INFO][Sync] All data types are ready for configure.
2025-07-02 14:47:17.461: [INFO][Sync] Started DataTypeManager configuration, reason: 5
2025-07-02 14:47:17.461: [INFO][Sync] Configuring for: Bookmarks, Preferences, Passwords, Autofill Profiles, Autofill, Extensions, Sessions, Extension settings, History Delete Directives, Device Info, User Consents, Send Tab To Self, Web Apps, History, Saved Tab Group, WebAuthn Credentials, Collection, Edge E Drop, Edge Hub App Usage, Edge Wallet, Encryption Keys, reason: 5, current state: 1
2025-07-02 14:47:17.478: [INFO][SyncEngineBackend::DoStartConfiguration] Start configuration
2025-07-02 14:47:17.479: [INFO][SyncManagerImpl::ConfigureSyncer] Types to download:  with reason: 4
2025-07-02 14:47:17.479: [INFO][SyncEngineBackend::DoFinishConfigureDataTypes] Failed to download types:  and succeeded types: 
2025-07-02 14:47:17.479: [INFO][Sync] ConfigurationDone, failed: , succeeded: , remaining count: 4
2025-07-02 14:47:17.479: [WARN][Sync]     Reconfigure requested while configuration ongoing.
2025-07-02 14:47:17.479: [INFO][Sync] Configuring for: Bookmarks, Preferences, Passwords, Autofill Profiles, Autofill, Extensions, Sessions, Extension settings, History Delete Directives, Device Info, User Consents, Send Tab To Self, Web Apps, History, Saved Tab Group, WebAuthn Credentials, Collection, Edge E Drop, Edge Hub App Usage, Edge Wallet, Encryption Keys, reason: 5, current state: 2
2025-07-02 14:47:17.479: [INFO][Sync] Configure, desired: Bookmarks, Preferences, Passwords, Autofill Profiles, Autofill, Extensions, Sessions, Extension settings, History Delete Directives, Device Info, User Consents, Send Tab To Self, Web Apps, History, Saved Tab Group, WebAuthn Credentials, Collection, Edge E Drop, Edge Hub App Usage, Edge Wallet, Encryption Keys; Allow fail: 
2025-07-02 14:47:17.479: [INFO][Sync] Loading: Passwords
2025-07-02 14:47:17.479: [INFO][Sync] Loading: Autofill Profiles
2025-07-02 14:47:17.479: [INFO][Sync] Loading: Autofill
2025-07-02 14:47:17.479: [INFO][Sync] All data types are ready for configure.
2025-07-02 14:47:17.479: [INFO][SyncManagerImpl::NudgeForInitialDownload] Initial download nudge for Passwords
2025-07-02 14:47:17.479: [INFO][SyncManagerImpl::ConfigureSyncer] Types to download:  with reason: 5
2025-07-02 14:47:17.479: [INFO][SyncEngineBackend::DoFinishConfigureDataTypes] Failed to download types:  and succeeded types: 
2025-07-02 14:47:17.479: [INFO][Sync] ConfigurationDone, failed: , succeeded: , remaining count: 4
2025-07-02 14:47:17.479: [INFO][Sync] Prepare to configure types: Passwords, Encryption Keys
2025-07-02 14:47:17.479: [INFO][SyncManagerImpl::ConfigureSyncer] Types to download: Passwords, Encryption Keys with reason: 5
2025-07-02 14:47:17.479: [INFO][SyncSchedulerImpl::DoConfigurationSyncCycleJob] Blocked types:  and types to download: Passwords, Encryption Keys
2025-07-02 14:47:17.948: [INFO][SyncEngineBackend::DoFinishConfigureDataTypes] Failed to download types:  and succeeded types: Passwords, Encryption Keys
2025-07-02 14:47:17.951: [INFO][Sync] ConfigurationDone, failed: , succeeded: Passwords, Encryption Keys, remaining count: 3
2025-07-02 14:47:17.951: [INFO][SyncManagerImpl::ConfigureSyncer] Types to download:  with reason: 5
2025-07-02 14:47:17.951: [INFO][SyncEngineBackend::DoFinishConfigureDataTypes] Failed to download types:  and succeeded types: 
2025-07-02 14:47:17.951: [INFO][Sync] ConfigurationDone, failed: , succeeded: , remaining count: 2
2025-07-02 14:47:17.951: [INFO][SyncManagerImpl::ConfigureSyncer] Types to download:  with reason: 5
2025-07-02 14:47:17.951: [INFO][SyncEngineBackend::DoFinishConfigureDataTypes] Failed to download types:  and succeeded types: 
2025-07-02 14:47:17.957: [INFO][Sync] ConfigurationDone, failed: , succeeded: , remaining count: 1
2025-07-02 14:47:17.959: [INFO][SyncManagerImpl::ConfigureSyncer] Types to download:  with reason: 5
2025-07-02 14:47:17.959: [INFO][SyncEngineBackend::DoFinishConfigureDataTypes] Failed to download types:  and succeeded types: 
2025-07-02 14:47:17.959: [INFO][Sync] ConfigurationDone, failed: , succeeded: , remaining count: 0
2025-07-02 14:47:17.963: [INFO][Sync]     Configuration completed, state: 7
2025-07-02 14:47:17.963: [INFO][Sync] Configured DataTypeManager: Ok
2025-07-02 14:47:17.967: [INFO][SyncEngineBackend::DoStartSyncing] Start syncing
2025-07-02 14:47:46.957: [INFO][Sync] Reset engine, reason: 0
2025-07-02 14:47:46.957: [INFO][Sync] Reset engine with reason: 0
2025-07-28 21:38:33.397: [INFO][Sync] Reset engine, reason: 8
2025-07-28 21:38:33.397: [INFO][Sync] Stopped: Bookmarks
2025-07-28 21:38:33.397: [INFO][Sync] Stopped: Preferences
2025-07-28 21:38:33.398: [INFO][Sync] Stopped: Passwords
2025-07-28 21:38:33.398: [INFO][Sync] Stopped: Autofill Profiles
2025-07-28 21:38:33.398: [INFO][Sync] Stopped: Autofill
2025-07-28 21:38:33.398: [INFO][Sync] Stopped: Extensions
2025-07-28 21:38:33.398: [INFO][Sync] Stopped: Sessions
2025-07-28 21:38:33.398: [INFO][Sync] Stopped: Extension settings
2025-07-28 21:38:33.398: [INFO][Sync] Stopped: History Delete Directives
2025-07-28 21:38:33.398: [INFO][Sync] Stopped: Device Info
2025-07-28 21:38:33.398: [INFO][Sync] Stopped: User Consents
2025-07-28 21:38:33.398: [INFO][Sync] Stopped: Send Tab To Self
2025-07-28 21:38:33.398: [INFO][Sync] Stopped: Web Apps
2025-07-28 21:38:33.398: [INFO][Sync] Stopped: History
2025-07-28 21:38:33.398: [INFO][Sync] Stopped: Saved Tab Group
2025-07-28 21:38:33.398: [INFO][Sync] Stopped: WebAuthn Credentials
2025-07-28 21:38:33.398: [INFO][Sync] Stopped: Collection
2025-07-28 21:38:33.398: [INFO][Sync] Stopped: Edge E Drop
2025-07-28 21:38:33.398: [INFO][Sync] Stopped: Edge Hub App Usage
2025-07-28 21:38:33.398: [INFO][Sync] Stopped: Edge Wallet
2025-07-28 21:38:33.398: [INFO][Sync] SyncState after authenticated was: NotSignedIn
2025-07-28 21:38:33.513: [INFO][Sync] Reset engine, reason: 8
2025-07-28 21:38:33.513: [INFO][Sync] Stopped: Bookmarks
2025-07-28 21:38:33.513: [INFO][Sync] Stopped: Preferences
2025-07-28 21:38:33.513: [INFO][Sync] Stopped: Passwords
2025-07-28 21:38:33.513: [INFO][Sync] Stopped: Autofill Profiles
2025-07-28 21:38:33.513: [INFO][Sync] Stopped: Autofill
2025-07-28 21:38:33.513: [INFO][Sync] Stopped: Extensions
2025-07-28 21:38:33.513: [INFO][Sync] Stopped: Sessions
2025-07-28 21:38:33.513: [INFO][Sync] Stopped: Extension settings
2025-07-28 21:38:33.513: [INFO][Sync] Stopped: History Delete Directives
2025-07-28 21:38:33.513: [INFO][Sync] Stopped: Device Info
2025-07-28 21:38:33.513: [INFO][Sync] Stopped: User Consents
2025-07-28 21:38:33.513: [INFO][Sync] Stopped: Send Tab To Self
2025-07-28 21:38:33.513: [INFO][Sync] Stopped: Web Apps
2025-07-28 21:38:33.513: [INFO][Sync] Stopped: History
2025-07-28 21:38:33.513: [INFO][Sync] Stopped: Saved Tab Group
2025-07-28 21:38:33.513: [INFO][Sync] Stopped: WebAuthn Credentials
2025-07-28 21:38:33.513: [INFO][Sync] Stopped: Collection
2025-07-28 21:38:33.513: [INFO][Sync] Stopped: Edge E Drop
2025-07-28 21:38:33.513: [INFO][Sync] Stopped: Edge Hub App Usage
2025-07-28 21:38:33.513: [INFO][Sync] Stopped: Edge Wallet
2025-07-28 21:38:56.700: [INFO][Sync] Reset engine, reason: 0
2025-07-28 21:59:09.580: [INFO][Sync] Reset engine, reason: 8
2025-07-28 21:59:09.581: [INFO][Sync] Stopped: Bookmarks
2025-07-28 21:59:09.581: [INFO][Sync] Stopped: Preferences
2025-07-28 21:59:09.581: [INFO][Sync] Stopped: Passwords
2025-07-28 21:59:09.581: [INFO][Sync] Stopped: Autofill Profiles
2025-07-28 21:59:09.581: [INFO][Sync] Stopped: Autofill
2025-07-28 21:59:09.581: [INFO][Sync] Stopped: Extensions
2025-07-28 21:59:09.581: [INFO][Sync] Stopped: Sessions
2025-07-28 21:59:09.581: [INFO][Sync] Stopped: Extension settings
2025-07-28 21:59:09.581: [INFO][Sync] Stopped: History Delete Directives
2025-07-28 21:59:09.581: [INFO][Sync] Stopped: Device Info
2025-07-28 21:59:09.581: [INFO][Sync] Stopped: User Consents
2025-07-28 21:59:09.581: [INFO][Sync] Stopped: Send Tab To Self
2025-07-28 21:59:09.581: [INFO][Sync] Stopped: Web Apps
2025-07-28 21:59:09.581: [INFO][Sync] Stopped: History
2025-07-28 21:59:09.581: [INFO][Sync] Stopped: Saved Tab Group
2025-07-28 21:59:09.581: [INFO][Sync] Stopped: WebAuthn Credentials
2025-07-28 21:59:09.581: [INFO][Sync] Stopped: Collection
2025-07-28 21:59:09.581: [INFO][Sync] Stopped: Edge E Drop
2025-07-28 21:59:09.581: [INFO][Sync] Stopped: Edge Hub App Usage
2025-07-28 21:59:09.581: [INFO][Sync] Stopped: Edge Wallet
2025-07-28 21:59:09.581: [INFO][Sync] SyncState after authenticated was: NotSignedIn
2025-07-28 21:59:09.690: [INFO][Sync] Reset engine, reason: 8
2025-07-28 21:59:09.690: [INFO][Sync] Stopped: Bookmarks
2025-07-28 21:59:09.690: [INFO][Sync] Stopped: Preferences
2025-07-28 21:59:09.690: [INFO][Sync] Stopped: Passwords
2025-07-28 21:59:09.690: [INFO][Sync] Stopped: Autofill Profiles
2025-07-28 21:59:09.690: [INFO][Sync] Stopped: Autofill
2025-07-28 21:59:09.690: [INFO][Sync] Stopped: Extensions
2025-07-28 21:59:09.690: [INFO][Sync] Stopped: Sessions
2025-07-28 21:59:09.690: [INFO][Sync] Stopped: Extension settings
2025-07-28 21:59:09.690: [INFO][Sync] Stopped: History Delete Directives
2025-07-28 21:59:09.690: [INFO][Sync] Stopped: Device Info
2025-07-28 21:59:09.690: [INFO][Sync] Stopped: User Consents
2025-07-28 21:59:09.690: [INFO][Sync] Stopped: Send Tab To Self
2025-07-28 21:59:09.690: [INFO][Sync] Stopped: Web Apps
2025-07-28 21:59:09.690: [INFO][Sync] Stopped: History
2025-07-28 21:59:09.690: [INFO][Sync] Stopped: Saved Tab Group
2025-07-28 21:59:09.690: [INFO][Sync] Stopped: WebAuthn Credentials
2025-07-28 21:59:09.690: [INFO][Sync] Stopped: Collection
2025-07-28 21:59:09.690: [INFO][Sync] Stopped: Edge E Drop
2025-07-28 21:59:09.690: [INFO][Sync] Stopped: Edge Hub App Usage
2025-07-28 21:59:09.690: [INFO][Sync] Stopped: Edge Wallet
2025-07-28 22:00:34.787: [INFO][Sync] Reset engine, reason: 0
2025-08-01 02:07:10.151: [INFO][Sync] Reset engine, reason: 8
2025-08-01 02:07:10.151: [INFO][Sync] Stopped: Bookmarks
2025-08-01 02:07:10.151: [INFO][Sync] Stopped: Preferences
2025-08-01 02:07:10.151: [INFO][Sync] Stopped: Passwords
2025-08-01 02:07:10.151: [INFO][Sync] Stopped: Autofill Profiles
2025-08-01 02:07:10.151: [INFO][Sync] Stopped: Autofill
2025-08-01 02:07:10.151: [INFO][Sync] Stopped: Extensions
2025-08-01 02:07:10.151: [INFO][Sync] Stopped: Sessions
2025-08-01 02:07:10.151: [INFO][Sync] Stopped: Extension settings
2025-08-01 02:07:10.151: [INFO][Sync] Stopped: History Delete Directives
2025-08-01 02:07:10.151: [INFO][Sync] Stopped: Device Info
2025-08-01 02:07:10.151: [INFO][Sync] Stopped: User Consents
2025-08-01 02:07:10.151: [INFO][Sync] Stopped: Send Tab To Self
2025-08-01 02:07:10.151: [INFO][Sync] Stopped: Web Apps
2025-08-01 02:07:10.151: [INFO][Sync] Stopped: History
2025-08-01 02:07:10.151: [INFO][Sync] Stopped: Saved Tab Group
2025-08-01 02:07:10.151: [INFO][Sync] Stopped: WebAuthn Credentials
2025-08-01 02:07:10.151: [INFO][Sync] Stopped: Collection
2025-08-01 02:07:10.151: [INFO][Sync] Stopped: Edge E Drop
2025-08-01 02:07:10.151: [INFO][Sync] Stopped: Edge Hub App Usage
2025-08-01 02:07:10.151: [INFO][Sync] Stopped: Edge Wallet
2025-08-01 02:07:10.151: [INFO][Sync] SyncState after authenticated was: NotSignedIn
2025-08-01 02:07:10.268: [INFO][Sync] Reset engine, reason: 8
2025-08-01 02:07:10.268: [INFO][Sync] Stopped: Bookmarks
2025-08-01 02:07:10.268: [INFO][Sync] Stopped: Preferences
2025-08-01 02:07:10.268: [INFO][Sync] Stopped: Passwords
2025-08-01 02:07:10.268: [INFO][Sync] Stopped: Autofill Profiles
2025-08-01 02:07:10.268: [INFO][Sync] Stopped: Autofill
2025-08-01 02:07:10.268: [INFO][Sync] Stopped: Extensions
2025-08-01 02:07:10.268: [INFO][Sync] Stopped: Sessions
2025-08-01 02:07:10.268: [INFO][Sync] Stopped: Extension settings
2025-08-01 02:07:10.268: [INFO][Sync] Stopped: History Delete Directives
2025-08-01 02:07:10.268: [INFO][Sync] Stopped: Device Info
2025-08-01 02:07:10.268: [INFO][Sync] Stopped: User Consents
2025-08-01 02:07:10.268: [INFO][Sync] Stopped: Send Tab To Self
2025-08-01 02:07:10.268: [INFO][Sync] Stopped: Web Apps
2025-08-01 02:07:10.268: [INFO][Sync] Stopped: History
2025-08-01 02:07:10.268: [INFO][Sync] Stopped: Saved Tab Group
2025-08-01 02:07:10.268: [INFO][Sync] Stopped: WebAuthn Credentials
2025-08-01 02:07:10.268: [INFO][Sync] Stopped: Collection
2025-08-01 02:07:10.268: [INFO][Sync] Stopped: Edge E Drop
2025-08-01 02:07:10.268: [INFO][Sync] Stopped: Edge Hub App Usage
2025-08-01 02:07:10.268: [INFO][Sync] Stopped: Edge Wallet
2025-08-01 02:08:09.264: [INFO][Sync] Reset engine, reason: 0
